[DEBUG] 2019-10-16 02:31:58.000 [main] IntegratorServiceImpl - Adding Integrator [org.hibernate.cfg.beanvalidation.BeanValidationIntegrator].
[DEBUG] 2019-10-16 02:31:58.019 [main] IntegratorServiceImpl - Adding Integrator [org.hibernate.secure.spi.JaccIntegrator].
[DEBUG] 2019-10-16 02:31:58.029 [main] IntegratorServiceImpl - Adding Integrator [org.hibernate.cache.internal.CollectionCacheInvalidator].
[INFO ] 2019-10-16 02:31:58.270 [main] Version - HHH000412: Hibernate Core {5.4.4.Final}
[DEBUG] 2019-10-16 02:31:58.277 [main] Environment - HHH000206: hibernate.properties not found
[DEBUG] 2019-10-16 02:31:58.815 [main] LocalXmlResourceResolver - Interpreting public/system identifier : [-//Hibernate/Hibernate Configuration DTD//EN] - [http://www.hibernate.org/dtd/hibernate-configuration-3.0.dtd]
[DEBUG] 2019-10-16 02:31:58.817 [main] LocalXmlResourceResolver - Recognized hibernate-configuration identifier; attempting to resolve on classpath under org/hibernate/
[DEBUG] 2019-10-16 02:31:58.838 [main] JaxbCfgProcessor - cfg.xml document did not define namespaces; wrapping in custom event reader to introduce namespace information
[DEBUG] 2019-10-16 02:31:59.702 [main] ServiceBinding - Overriding existing service binding [org.hibernate.secure.spi.JaccService]
[DEBUG] 2019-10-16 02:31:59.739 [main] RegionFactoryInitiator - Cannot default RegionFactory based on registered strategies as `[]` RegionFactory strategies were registered
[DEBUG] 2019-10-16 02:31:59.740 [main] RegionFactoryInitiator - Cache region factory : org.hibernate.cache.internal.NoCachingRegionFactory
[INFO ] 2019-10-16 02:31:59.769 [main] Version - HCANN000001: Hibernate Commons Annotations {5.1.0.Final}
[DEBUG] 2019-10-16 02:31:59.834 [main] BasicTypeRegistry - Adding type registration boolean -> org.hibernate.type.BooleanType@4d847d32
[DEBUG] 2019-10-16 02:31:59.834 [main] BasicTypeRegistry - Adding type registration boolean -> org.hibernate.type.BooleanType@4d847d32
[DEBUG] 2019-10-16 02:31:59.834 [main] BasicTypeRegistry - Adding type registration java.lang.Boolean -> org.hibernate.type.BooleanType@4d847d32
[DEBUG] 2019-10-16 02:31:59.835 [main] BasicTypeRegistry - Adding type registration numeric_boolean -> org.hibernate.type.NumericBooleanType@3605c4d3
[DEBUG] 2019-10-16 02:31:59.835 [main] BasicTypeRegistry - Adding type registration true_false -> org.hibernate.type.TrueFalseType@6ad11a56
[DEBUG] 2019-10-16 02:31:59.835 [main] BasicTypeRegistry - Adding type registration yes_no -> org.hibernate.type.YesNoType@7c8326a4
[DEBUG] 2019-10-16 02:31:59.840 [main] BasicTypeRegistry - Adding type registration byte -> org.hibernate.type.ByteType@60baef24
[DEBUG] 2019-10-16 02:31:59.840 [main] BasicTypeRegistry - Adding type registration byte -> org.hibernate.type.ByteType@60baef24
[DEBUG] 2019-10-16 02:31:59.842 [main] BasicTypeRegistry - Adding type registration java.lang.Byte -> org.hibernate.type.ByteType@60baef24
[DEBUG] 2019-10-16 02:31:59.843 [main] BasicTypeRegistry - Adding type registration character -> org.hibernate.type.CharacterType@43b0ade
[DEBUG] 2019-10-16 02:31:59.844 [main] BasicTypeRegistry - Adding type registration char -> org.hibernate.type.CharacterType@43b0ade
[DEBUG] 2019-10-16 02:31:59.845 [main] BasicTypeRegistry - Adding type registration java.lang.Character -> org.hibernate.type.CharacterType@43b0ade
[DEBUG] 2019-10-16 02:31:59.845 [main] BasicTypeRegistry - Adding type registration short -> org.hibernate.type.ShortType@a0a9fa5
[DEBUG] 2019-10-16 02:31:59.845 [main] BasicTypeRegistry - Adding type registration short -> org.hibernate.type.ShortType@a0a9fa5
[DEBUG] 2019-10-16 02:31:59.845 [main] BasicTypeRegistry - Adding type registration java.lang.Short -> org.hibernate.type.ShortType@a0a9fa5
[DEBUG] 2019-10-16 02:31:59.846 [main] BasicTypeRegistry - Adding type registration integer -> org.hibernate.type.IntegerType@466d49f0
[DEBUG] 2019-10-16 02:31:59.849 [main] BasicTypeRegistry - Adding type registration int -> org.hibernate.type.IntegerType@466d49f0
[DEBUG] 2019-10-16 02:31:59.849 [main] BasicTypeRegistry - Adding type registration java.lang.Integer -> org.hibernate.type.IntegerType@466d49f0
[DEBUG] 2019-10-16 02:31:59.849 [main] BasicTypeRegistry - Adding type registration long -> org.hibernate.type.LongType@72458efc
[DEBUG] 2019-10-16 02:31:59.850 [main] BasicTypeRegistry - Adding type registration long -> org.hibernate.type.LongType@72458efc
[DEBUG] 2019-10-16 02:31:59.850 [main] BasicTypeRegistry - Adding type registration java.lang.Long -> org.hibernate.type.LongType@72458efc
[DEBUG] 2019-10-16 02:31:59.852 [main] BasicTypeRegistry - Adding type registration float -> org.hibernate.type.FloatType@2e3a5237
[DEBUG] 2019-10-16 02:31:59.852 [main] BasicTypeRegistry - Adding type registration float -> org.hibernate.type.FloatType@2e3a5237
[DEBUG] 2019-10-16 02:31:59.852 [main] BasicTypeRegistry - Adding type registration java.lang.Float -> org.hibernate.type.FloatType@2e3a5237
[DEBUG] 2019-10-16 02:31:59.853 [main] BasicTypeRegistry - Adding type registration double -> org.hibernate.type.DoubleType@7b44b63d
[DEBUG] 2019-10-16 02:31:59.853 [main] BasicTypeRegistry - Adding type registration double -> org.hibernate.type.DoubleType@7b44b63d
[DEBUG] 2019-10-16 02:31:59.854 [main] BasicTypeRegistry - Adding type registration java.lang.Double -> org.hibernate.type.DoubleType@7b44b63d
[DEBUG] 2019-10-16 02:31:59.855 [main] BasicTypeRegistry - Adding type registration big_decimal -> org.hibernate.type.BigDecimalType@2b87581
[DEBUG] 2019-10-16 02:31:59.855 [main] BasicTypeRegistry - Adding type registration java.math.BigDecimal -> org.hibernate.type.BigDecimalType@2b87581
[DEBUG] 2019-10-16 02:31:59.856 [main] BasicTypeRegistry - Adding type registration big_integer -> org.hibernate.type.BigIntegerType@1c12f3ee
[DEBUG] 2019-10-16 02:31:59.856 [main] BasicTypeRegistry - Adding type registration java.math.BigInteger -> org.hibernate.type.BigIntegerType@1c12f3ee
[DEBUG] 2019-10-16 02:31:59.859 [main] BasicTypeRegistry - Adding type registration string -> org.hibernate.type.StringType@5183d589
[DEBUG] 2019-10-16 02:31:59.860 [main] BasicTypeRegistry - Adding type registration java.lang.String -> org.hibernate.type.StringType@5183d589
[DEBUG] 2019-10-16 02:31:59.860 [main] BasicTypeRegistry - Adding type registration nstring -> org.hibernate.type.StringNVarcharType@68e62ca4
[DEBUG] 2019-10-16 02:31:59.860 [main] BasicTypeRegistry - Adding type registration ncharacter -> org.hibernate.type.CharacterNCharType@11653e3b
[DEBUG] 2019-10-16 02:31:59.862 [main] BasicTypeRegistry - Adding type registration url -> org.hibernate.type.UrlType@7c974942
[DEBUG] 2019-10-16 02:31:59.862 [main] BasicTypeRegistry - Adding type registration java.net.URL -> org.hibernate.type.UrlType@7c974942
[DEBUG] 2019-10-16 02:31:59.863 [main] BasicTypeRegistry - Adding type registration Duration -> org.hibernate.type.DurationType@6b580b88
[DEBUG] 2019-10-16 02:31:59.863 [main] BasicTypeRegistry - Adding type registration java.time.Duration -> org.hibernate.type.DurationType@6b580b88
[DEBUG] 2019-10-16 02:31:59.866 [main] BasicTypeRegistry - Adding type registration Instant -> org.hibernate.type.InstantType@588ffeb
[DEBUG] 2019-10-16 02:31:59.867 [main] BasicTypeRegistry - Adding type registration java.time.Instant -> org.hibernate.type.InstantType@588ffeb
[DEBUG] 2019-10-16 02:31:59.869 [main] BasicTypeRegistry - Adding type registration LocalDateTime -> org.hibernate.type.LocalDateTimeType@34cf5a97
[DEBUG] 2019-10-16 02:31:59.869 [main] BasicTypeRegistry - Adding type registration java.time.LocalDateTime -> org.hibernate.type.LocalDateTimeType@34cf5a97
[DEBUG] 2019-10-16 02:31:59.870 [main] BasicTypeRegistry - Adding type registration LocalDate -> org.hibernate.type.LocalDateType@6443b128
[DEBUG] 2019-10-16 02:31:59.870 [main] BasicTypeRegistry - Adding type registration java.time.LocalDate -> org.hibernate.type.LocalDateType@6443b128
[DEBUG] 2019-10-16 02:31:59.871 [main] BasicTypeRegistry - Adding type registration LocalTime -> org.hibernate.type.LocalTimeType@61d01788
[DEBUG] 2019-10-16 02:31:59.871 [main] BasicTypeRegistry - Adding type registration java.time.LocalTime -> org.hibernate.type.LocalTimeType@61d01788
[DEBUG] 2019-10-16 02:31:59.872 [main] BasicTypeRegistry - Adding type registration OffsetDateTime -> org.hibernate.type.OffsetDateTimeType@6ad6fa53
[DEBUG] 2019-10-16 02:31:59.872 [main] BasicTypeRegistry - Adding type registration java.time.OffsetDateTime -> org.hibernate.type.OffsetDateTimeType@6ad6fa53
[DEBUG] 2019-10-16 02:31:59.873 [main] BasicTypeRegistry - Adding type registration OffsetTime -> org.hibernate.type.OffsetTimeType@30af7377
[DEBUG] 2019-10-16 02:31:59.873 [main] BasicTypeRegistry - Adding type registration java.time.OffsetTime -> org.hibernate.type.OffsetTimeType@30af7377
[DEBUG] 2019-10-16 02:31:59.874 [main] BasicTypeRegistry - Adding type registration ZonedDateTime -> org.hibernate.type.ZonedDateTimeType@5c20ffa8
[DEBUG] 2019-10-16 02:31:59.874 [main] BasicTypeRegistry - Adding type registration java.time.ZonedDateTime -> org.hibernate.type.ZonedDateTimeType@5c20ffa8
[DEBUG] 2019-10-16 02:31:59.875 [main] BasicTypeRegistry - Adding type registration date -> org.hibernate.type.DateType@4690f583
[DEBUG] 2019-10-16 02:31:59.875 [main] BasicTypeRegistry - Adding type registration java.sql.Date -> org.hibernate.type.DateType@4690f583
[DEBUG] 2019-10-16 02:31:59.876 [main] BasicTypeRegistry - Adding type registration time -> org.hibernate.type.TimeType@37a64f9d
[DEBUG] 2019-10-16 02:31:59.877 [main] BasicTypeRegistry - Adding type registration java.sql.Time -> org.hibernate.type.TimeType@37a64f9d
[DEBUG] 2019-10-16 02:31:59.877 [main] BasicTypeRegistry - Adding type registration timestamp -> org.hibernate.type.TimestampType@201aa8c1
[DEBUG] 2019-10-16 02:31:59.878 [main] BasicTypeRegistry - Adding type registration java.sql.Timestamp -> org.hibernate.type.TimestampType@201aa8c1
[DEBUG] 2019-10-16 02:31:59.878 [main] BasicTypeRegistry - Adding type registration java.util.Date -> org.hibernate.type.TimestampType@201aa8c1
[DEBUG] 2019-10-16 02:31:59.880 [main] BasicTypeRegistry - Adding type registration dbtimestamp -> org.hibernate.type.DbTimestampType@4f20a5e0
[DEBUG] 2019-10-16 02:31:59.880 [main] BasicTypeRegistry - Adding type registration calendar -> org.hibernate.type.CalendarType@1917d90f
[DEBUG] 2019-10-16 02:31:59.880 [main] BasicTypeRegistry - Adding type registration java.util.Calendar -> org.hibernate.type.CalendarType@1917d90f
[DEBUG] 2019-10-16 02:31:59.880 [main] BasicTypeRegistry - Adding type registration java.util.GregorianCalendar -> org.hibernate.type.CalendarType@1917d90f
[DEBUG] 2019-10-16 02:31:59.882 [main] BasicTypeRegistry - Adding type registration calendar_date -> org.hibernate.type.CalendarDateType@1e6308a9
[DEBUG] 2019-10-16 02:31:59.883 [main] BasicTypeRegistry - Adding type registration locale -> org.hibernate.type.LocaleType@783ec989
[DEBUG] 2019-10-16 02:31:59.883 [main] BasicTypeRegistry - Adding type registration java.util.Locale -> org.hibernate.type.LocaleType@783ec989
[DEBUG] 2019-10-16 02:31:59.888 [main] BasicTypeRegistry - Adding type registration currency -> org.hibernate.type.CurrencyType@50825a02
[DEBUG] 2019-10-16 02:31:59.890 [main] BasicTypeRegistry - Adding type registration java.util.Currency -> org.hibernate.type.CurrencyType@50825a02
[DEBUG] 2019-10-16 02:31:59.891 [main] BasicTypeRegistry - Adding type registration timezone -> org.hibernate.type.TimeZoneType@2abc224d
[DEBUG] 2019-10-16 02:31:59.891 [main] BasicTypeRegistry - Adding type registration java.util.TimeZone -> org.hibernate.type.TimeZoneType@2abc224d
[DEBUG] 2019-10-16 02:31:59.892 [main] BasicTypeRegistry - Adding type registration class -> org.hibernate.type.ClassType@71178a52
[DEBUG] 2019-10-16 02:31:59.892 [main] BasicTypeRegistry - Adding type registration java.lang.Class -> org.hibernate.type.ClassType@71178a52
[DEBUG] 2019-10-16 02:31:59.893 [main] BasicTypeRegistry - Adding type registration uuid-binary -> org.hibernate.type.UUIDBinaryType@1ded7b14
[DEBUG] 2019-10-16 02:31:59.893 [main] BasicTypeRegistry - Adding type registration java.util.UUID -> org.hibernate.type.UUIDBinaryType@1ded7b14
[DEBUG] 2019-10-16 02:31:59.894 [main] BasicTypeRegistry - Adding type registration uuid-char -> org.hibernate.type.UUIDCharType@30135202
[DEBUG] 2019-10-16 02:31:59.894 [main] BasicTypeRegistry - Adding type registration binary -> org.hibernate.type.BinaryType@6edaa77a
[DEBUG] 2019-10-16 02:31:59.895 [main] BasicTypeRegistry - Adding type registration byte[] -> org.hibernate.type.BinaryType@6edaa77a
[DEBUG] 2019-10-16 02:31:59.895 [main] BasicTypeRegistry - Adding type registration [B -> org.hibernate.type.BinaryType@6edaa77a
[DEBUG] 2019-10-16 02:31:59.896 [main] BasicTypeRegistry - Adding type registration wrapper-binary -> org.hibernate.type.WrapperBinaryType@29314cc9
[DEBUG] 2019-10-16 02:31:59.897 [main] BasicTypeRegistry - Adding type registration Byte[] -> org.hibernate.type.WrapperBinaryType@29314cc9
[DEBUG] 2019-10-16 02:31:59.897 [main] BasicTypeRegistry - Adding type registration [Ljava.lang.Byte; -> org.hibernate.type.WrapperBinaryType@29314cc9
[DEBUG] 2019-10-16 02:31:59.898 [main] BasicTypeRegistry - Adding type registration row_version -> org.hibernate.type.RowVersionType@a50ae65
[DEBUG] 2019-10-16 02:31:59.899 [main] BasicTypeRegistry - Adding type registration image -> org.hibernate.type.ImageType@5972d253
[DEBUG] 2019-10-16 02:31:59.900 [main] BasicTypeRegistry - Adding type registration characters -> org.hibernate.type.CharArrayType@551de37d
[DEBUG] 2019-10-16 02:31:59.900 [main] BasicTypeRegistry - Adding type registration char[] -> org.hibernate.type.CharArrayType@551de37d
[DEBUG] 2019-10-16 02:31:59.900 [main] BasicTypeRegistry - Adding type registration [C -> org.hibernate.type.CharArrayType@551de37d
[DEBUG] 2019-10-16 02:31:59.901 [main] BasicTypeRegistry - Adding type registration wrapper-characters -> org.hibernate.type.CharacterArrayType@7a18e8d
[DEBUG] 2019-10-16 02:31:59.901 [main] BasicTypeRegistry - Adding type registration [Ljava.lang.Character; -> org.hibernate.type.CharacterArrayType@7a18e8d
[DEBUG] 2019-10-16 02:31:59.901 [main] BasicTypeRegistry - Adding type registration Character[] -> org.hibernate.type.CharacterArrayType@7a18e8d
[DEBUG] 2019-10-16 02:31:59.902 [main] BasicTypeRegistry - Adding type registration text -> org.hibernate.type.TextType@bb095
[DEBUG] 2019-10-16 02:31:59.902 [main] BasicTypeRegistry - Adding type registration ntext -> org.hibernate.type.NTextType@5d1e09bc
[DEBUG] 2019-10-16 02:31:59.903 [main] BasicTypeRegistry - Adding type registration blob -> org.hibernate.type.BlobType@7a799159
[DEBUG] 2019-10-16 02:31:59.903 [main] BasicTypeRegistry - Adding type registration java.sql.Blob -> org.hibernate.type.BlobType@7a799159
[DEBUG] 2019-10-16 02:31:59.903 [main] BasicTypeRegistry - Adding type registration materialized_blob -> org.hibernate.type.MaterializedBlobType@53093491
[DEBUG] 2019-10-16 02:31:59.904 [main] BasicTypeRegistry - Adding type registration clob -> org.hibernate.type.ClobType@6b3871d6
[DEBUG] 2019-10-16 02:31:59.905 [main] BasicTypeRegistry - Adding type registration java.sql.Clob -> org.hibernate.type.ClobType@6b3871d6
[DEBUG] 2019-10-16 02:31:59.906 [main] BasicTypeRegistry - Adding type registration nclob -> org.hibernate.type.NClobType@23ee75c5
[DEBUG] 2019-10-16 02:31:59.907 [main] BasicTypeRegistry - Adding type registration java.sql.NClob -> org.hibernate.type.NClobType@23ee75c5
[DEBUG] 2019-10-16 02:31:59.908 [main] BasicTypeRegistry - Adding type registration materialized_clob -> org.hibernate.type.MaterializedClobType@6050462a
[DEBUG] 2019-10-16 02:31:59.911 [main] BasicTypeRegistry - Adding type registration materialized_nclob -> org.hibernate.type.MaterializedNClobType@73877e19
[DEBUG] 2019-10-16 02:31:59.912 [main] BasicTypeRegistry - Adding type registration serializable -> org.hibernate.type.SerializableType@3af356f
[DEBUG] 2019-10-16 02:31:59.920 [main] BasicTypeRegistry - Adding type registration object -> org.hibernate.type.ObjectType@41f35f7c
[DEBUG] 2019-10-16 02:31:59.920 [main] BasicTypeRegistry - Adding type registration java.lang.Object -> org.hibernate.type.ObjectType@41f35f7c
[DEBUG] 2019-10-16 02:31:59.921 [main] BasicTypeRegistry - Adding type registration imm_date -> org.hibernate.type.AdaptedImmutableType@198ef2ce
[DEBUG] 2019-10-16 02:31:59.921 [main] BasicTypeRegistry - Adding type registration imm_time -> org.hibernate.type.AdaptedImmutableType@4cbd03e7
[DEBUG] 2019-10-16 02:31:59.925 [main] BasicTypeRegistry - Adding type registration imm_timestamp -> org.hibernate.type.AdaptedImmutableType@52fc5eb1
[DEBUG] 2019-10-16 02:31:59.925 [main] BasicTypeRegistry - Adding type registration imm_dbtimestamp -> org.hibernate.type.AdaptedImmutableType@7a639ec5
[DEBUG] 2019-10-16 02:31:59.925 [main] BasicTypeRegistry - Adding type registration imm_calendar -> org.hibernate.type.AdaptedImmutableType@14151bc5
[DEBUG] 2019-10-16 02:31:59.925 [main] BasicTypeRegistry - Adding type registration imm_calendar_date -> org.hibernate.type.AdaptedImmutableType@3013909b
[DEBUG] 2019-10-16 02:31:59.925 [main] BasicTypeRegistry - Adding type registration imm_binary -> org.hibernate.type.AdaptedImmutableType@2a49fe
[DEBUG] 2019-10-16 02:31:59.925 [main] BasicTypeRegistry - Adding type registration imm_serializable -> org.hibernate.type.AdaptedImmutableType@66596a88
[DEBUG] 2019-10-16 02:31:59.984 [main] DefaultIdentifierGeneratorFactory - Registering IdentifierGenerator strategy [uuid2] -> [org.hibernate.id.UUIDGenerator]
[DEBUG] 2019-10-16 02:31:59.985 [main] DefaultIdentifierGeneratorFactory - Registering IdentifierGenerator strategy [guid] -> [org.hibernate.id.GUIDGenerator]
[DEBUG] 2019-10-16 02:31:59.985 [main] DefaultIdentifierGeneratorFactory - Registering IdentifierGenerator strategy [uuid] -> [org.hibernate.id.UUIDHexGenerator]
[DEBUG] 2019-10-16 02:31:59.986 [main] DefaultIdentifierGeneratorFactory - Registering IdentifierGenerator strategy [uuid.hex] -> [org.hibernate.id.UUIDHexGenerator]
[DEBUG] 2019-10-16 02:31:59.988 [main] DefaultIdentifierGeneratorFactory - Registering IdentifierGenerator strategy [assigned] -> [org.hibernate.id.Assigned]
[DEBUG] 2019-10-16 02:31:59.988 [main] DefaultIdentifierGeneratorFactory - Registering IdentifierGenerator strategy [identity] -> [org.hibernate.id.IdentityGenerator]
[DEBUG] 2019-10-16 02:31:59.989 [main] DefaultIdentifierGeneratorFactory - Registering IdentifierGenerator strategy [select] -> [org.hibernate.id.SelectGenerator]
[DEBUG] 2019-10-16 02:31:59.989 [main] DefaultIdentifierGeneratorFactory - Registering IdentifierGenerator strategy [sequence] -> [org.hibernate.id.enhanced.SequenceStyleGenerator]
[DEBUG] 2019-10-16 02:31:59.995 [main] DefaultIdentifierGeneratorFactory - Registering IdentifierGenerator strategy [seqhilo] -> [org.hibernate.id.SequenceHiLoGenerator]
[DEBUG] 2019-10-16 02:31:59.995 [main] DefaultIdentifierGeneratorFactory - Registering IdentifierGenerator strategy [increment] -> [org.hibernate.id.IncrementGenerator]
[DEBUG] 2019-10-16 02:31:59.999 [main] DefaultIdentifierGeneratorFactory - Registering IdentifierGenerator strategy [foreign] -> [org.hibernate.id.ForeignGenerator]
[DEBUG] 2019-10-16 02:31:59.999 [main] DefaultIdentifierGeneratorFactory - Registering IdentifierGenerator strategy [sequence-identity] -> [org.hibernate.id.SequenceIdentityGenerator]
[DEBUG] 2019-10-16 02:32:00.001 [main] DefaultIdentifierGeneratorFactory - Registering IdentifierGenerator strategy [enhanced-sequence] -> [org.hibernate.id.enhanced.SequenceStyleGenerator]
[DEBUG] 2019-10-16 02:32:00.002 [main] DefaultIdentifierGeneratorFactory - Registering IdentifierGenerator strategy [enhanced-table] -> [org.hibernate.id.enhanced.TableGenerator]
[INFO ] 2019-10-16 02:32:00.013 [main] C3P0ConnectionProvider - HHH010002: C3P0 using driver: com.mysql.cj.jdbc.Driver at URL: jdbc:mysql://localhost:3306/test_yugioh_card_db
[INFO ] 2019-10-16 02:32:00.014 [main] C3P0ConnectionProvider - HHH10001001: Connection properties: {password=****, user=root}
[INFO ] 2019-10-16 02:32:00.014 [main] C3P0ConnectionProvider - HHH10001003: Autocommit mode: false
[INFO ] 2019-10-16 02:32:00.230 [main] C3P0ConnectionProvider - HHH10001007: JDBC isolation level: <unknown>
[DEBUG] 2019-10-16 02:32:01.086 [main] JdbcEnvironmentInitiator - Database ->
       name : MySQL
    version : 8.0.17
      major : 8
      minor : 0
[DEBUG] 2019-10-16 02:32:01.103 [main] JdbcEnvironmentInitiator - Driver ->
       name : MySQL Connector/J
    version : mysql-connector-java-8.0.16 (Revision: 34cbc6bc61f72836e26327537a432d6db7c77de6)
      major : 8
      minor : 0
[DEBUG] 2019-10-16 02:32:01.103 [main] JdbcEnvironmentInitiator - JDBC version : 4.2
[INFO ] 2019-10-16 02:32:01.175 [main] Dialect - HHH000400: Using dialect: org.hibernate.dialect.MySQL8Dialect
[DEBUG] 2019-10-16 02:32:01.199 [main] IdentifierHelperBuilder - JDBC driver metadata reported database stores quoted identifiers in more than one case
[DEBUG] 2019-10-16 02:32:01.242 [main] IdentifierHelperBuilder - IdentifierCaseStrategy for both quoted and unquoted identifiers was set to the same strategy [MIXED]; that will likely lead to problems in schema update and validation if using quoted identifiers
[DEBUG] 2019-10-16 02:32:01.315 [main] Namespace - Created database namespace [logicalName=Name{catalog=null, schema=null}, physicalName=Name{catalog=null, schema=null}]
[DEBUG] 2019-10-16 02:32:01.318 [main] TypeConfiguration$Scope - Scoping TypeConfiguration [org.hibernate.type.spi.TypeConfiguration@4893b344] to MetadataBuildingContext [org.hibernate.boot.internal.MetadataBuildingContextRootImpl@53a665ad]
[DEBUG] 2019-10-16 02:32:01.394 [main] AnnotationBinder - Binding entity from annotated class: entity.YugiohCard
[DEBUG] 2019-10-16 02:32:01.434 [main] Ejb3Column - Binding column: Ejb3DiscriminatorColumn{logicalColumnName'DTYPE', discriminatorTypeName='string'}
[DEBUG] 2019-10-16 02:32:01.438 [main] EntityBinder - Import with entity name YugiohCard
[DEBUG] 2019-10-16 02:32:01.445 [main] EntityBinder - Bind entity entity.YugiohCard on table yugioh_card
[DEBUG] 2019-10-16 02:32:01.485 [main] Ejb3Column - Binding column: Ejb3Column{table=org.hibernate.mapping.Table(yugioh_card), mappingColumn=id, insertable=true, updatable=true, unique=false}
[DEBUG] 2019-10-16 02:32:01.491 [main] PropertyBinder - MetadataSourceProcessor property id with lazy=false
[DEBUG] 2019-10-16 02:32:01.495 [main] AbstractPropertyHolder - Attempting to locate auto-apply AttributeConverter for property [entity.YugiohCard:id]
[DEBUG] 2019-10-16 02:32:01.497 [main] SimpleValueBinder - building SimpleValue for id
[DEBUG] 2019-10-16 02:32:01.499 [main] PropertyBinder - Building property id
[DEBUG] 2019-10-16 02:32:01.503 [main] BinderHelper - #makeIdGenerator(org.hibernate.mapping.SimpleValue([org.hibernate.mapping.Column(id)]), id, org.hibernate.id.enhanced.SequenceStyleGenerator, native, ...)
[DEBUG] 2019-10-16 02:32:01.511 [main] Ejb3Column - Binding column: Ejb3Column{table=org.hibernate.mapping.Table(yugioh_card), mappingColumn=card_name, insertable=true, updatable=true, unique=false}
[DEBUG] 2019-10-16 02:32:01.511 [main] PropertyBinder - MetadataSourceProcessor property cardName with lazy=false
[DEBUG] 2019-10-16 02:32:01.511 [main] AbstractPropertyHolder - Attempting to locate auto-apply AttributeConverter for property [entity.YugiohCard:cardName]
[DEBUG] 2019-10-16 02:32:01.512 [main] SimpleValueBinder - building SimpleValue for cardName
[DEBUG] 2019-10-16 02:32:01.512 [main] PropertyBinder - Building property cardName
[DEBUG] 2019-10-16 02:32:01.512 [main] Ejb3Column - Binding column: Ejb3Column{table=org.hibernate.mapping.Table(yugioh_card), mappingColumn=card_price, insertable=true, updatable=true, unique=false}
[DEBUG] 2019-10-16 02:32:01.512 [main] PropertyBinder - MetadataSourceProcessor property cardPrice with lazy=false
[DEBUG] 2019-10-16 02:32:01.512 [main] AbstractPropertyHolder - Attempting to locate auto-apply AttributeConverter for property [entity.YugiohCard:cardPrice]
[DEBUG] 2019-10-16 02:32:01.512 [main] SimpleValueBinder - building SimpleValue for cardPrice
[DEBUG] 2019-10-16 02:32:01.512 [main] PropertyBinder - Building property cardPrice
[DEBUG] 2019-10-16 02:32:01.512 [main] Ejb3Column - Binding column: Ejb3Column{table=org.hibernate.mapping.Table(yugioh_card), mappingColumn=card_quantity, insertable=true, updatable=true, unique=false}
[DEBUG] 2019-10-16 02:32:01.513 [main] PropertyBinder - MetadataSourceProcessor property cardQuantity with lazy=false
[DEBUG] 2019-10-16 02:32:01.518 [main] AbstractPropertyHolder - Attempting to locate auto-apply AttributeConverter for property [entity.YugiohCard:cardQuantity]
[DEBUG] 2019-10-16 02:32:01.518 [main] SimpleValueBinder - building SimpleValue for cardQuantity
[DEBUG] 2019-10-16 02:32:01.518 [main] PropertyBinder - Building property cardQuantity
[DEBUG] 2019-10-16 02:32:01.518 [main] Ejb3Column - Binding column: Ejb3Column{table=org.hibernate.mapping.Table(yugioh_card), mappingColumn=card_rarity, insertable=true, updatable=true, unique=false}
[DEBUG] 2019-10-16 02:32:01.518 [main] PropertyBinder - MetadataSourceProcessor property cardRarity with lazy=false
[DEBUG] 2019-10-16 02:32:01.518 [main] AbstractPropertyHolder - Attempting to locate auto-apply AttributeConverter for property [entity.YugiohCard:cardRarity]
[DEBUG] 2019-10-16 02:32:01.518 [main] SimpleValueBinder - building SimpleValue for cardRarity
[DEBUG] 2019-10-16 02:32:01.518 [main] PropertyBinder - Building property cardRarity
[DEBUG] 2019-10-16 02:32:01.519 [main] Ejb3Column - Binding column: Ejb3Column{table=org.hibernate.mapping.Table(yugioh_card), mappingColumn=card_set, insertable=true, updatable=true, unique=false}
[DEBUG] 2019-10-16 02:32:01.519 [main] PropertyBinder - MetadataSourceProcessor property cardSet with lazy=false
[DEBUG] 2019-10-16 02:32:01.519 [main] AbstractPropertyHolder - Attempting to locate auto-apply AttributeConverter for property [entity.YugiohCard:cardSet]
[DEBUG] 2019-10-16 02:32:01.519 [main] SimpleValueBinder - building SimpleValue for cardSet
[DEBUG] 2019-10-16 02:32:01.519 [main] PropertyBinder - Building property cardSet
[DEBUG] 2019-10-16 02:32:01.519 [main] Ejb3Column - Binding column: Ejb3Column{table=org.hibernate.mapping.Table(yugioh_card), mappingColumn=card_type, insertable=true, updatable=true, unique=false}
[DEBUG] 2019-10-16 02:32:01.519 [main] PropertyBinder - MetadataSourceProcessor property cardType with lazy=false
[DEBUG] 2019-10-16 02:32:01.519 [main] AbstractPropertyHolder - Attempting to locate auto-apply AttributeConverter for property [entity.YugiohCard:cardType]
[DEBUG] 2019-10-16 02:32:01.519 [main] SimpleValueBinder - building SimpleValue for cardType
[DEBUG] 2019-10-16 02:32:01.519 [main] PropertyBinder - Building property cardType
[DEBUG] 2019-10-16 02:32:01.526 [main] Ejb3Column - Binding column: Ejb3JoinColumn{logicalColumnName='null', referencedColumn='null', mappedBy='null'}
[DEBUG] 2019-10-16 02:32:01.526 [main] Ejb3Column - Binding column: Ejb3Column{table=org.hibernate.mapping.Table(yugioh_card), mappingColumn=collector, insertable=true, updatable=true, unique=false}
[DEBUG] 2019-10-16 02:32:01.530 [main] PropertyBinder - Building property collector
[DEBUG] 2019-10-16 02:32:01.532 [main] AnnotationBinder - Binding entity from annotated class: entity.Collector
[DEBUG] 2019-10-16 02:32:01.535 [main] Ejb3Column - Binding column: Ejb3DiscriminatorColumn{logicalColumnName'DTYPE', discriminatorTypeName='string'}
[DEBUG] 2019-10-16 02:32:01.535 [main] EntityBinder - Import with entity name Collector
[DEBUG] 2019-10-16 02:32:01.535 [main] EntityBinder - Bind entity entity.Collector on table collector
[DEBUG] 2019-10-16 02:32:01.546 [main] Ejb3Column - Binding column: Ejb3Column{table=org.hibernate.mapping.Table(collector), mappingColumn=id, insertable=true, updatable=true, unique=false}
[DEBUG] 2019-10-16 02:32:01.546 [main] PropertyBinder - MetadataSourceProcessor property id with lazy=false
[DEBUG] 2019-10-16 02:32:01.546 [main] AbstractPropertyHolder - Attempting to locate auto-apply AttributeConverter for property [entity.Collector:id]
[DEBUG] 2019-10-16 02:32:01.547 [main] SimpleValueBinder - building SimpleValue for id
[DEBUG] 2019-10-16 02:32:01.547 [main] PropertyBinder - Building property id
[DEBUG] 2019-10-16 02:32:01.547 [main] BinderHelper - #makeIdGenerator(org.hibernate.mapping.SimpleValue([org.hibernate.mapping.Column(id)]), id, org.hibernate.id.enhanced.SequenceStyleGenerator, native, ...)
[DEBUG] 2019-10-16 02:32:01.547 [main] Ejb3Column - Binding column: Ejb3JoinColumn{logicalColumnName='null', referencedColumn='null', mappedBy='collector'}
[DEBUG] 2019-10-16 02:32:01.547 [main] Ejb3Column - Binding column: Ejb3Column{table=org.hibernate.mapping.Table(collector), mappingColumn=cards, insertable=true, updatable=true, unique=false}
[DEBUG] 2019-10-16 02:32:01.551 [main] Ejb3Column - Binding column: Ejb3Column{table=org.hibernate.mapping.Table(collector), mappingColumn=null, insertable=true, updatable=true, unique=false}
[DEBUG] 2019-10-16 02:32:01.564 [main] Ejb3Column - Binding column: Ejb3Column{table=org.hibernate.mapping.Table(collector), mappingColumn=element, insertable=true, updatable=true, unique=false}
[DEBUG] 2019-10-16 02:32:01.565 [main] Ejb3Column - Binding column: Ejb3Column{table=org.hibernate.mapping.Table(collector), mappingColumn=cards_KEY, insertable=true, updatable=true, unique=false}
[DEBUG] 2019-10-16 02:32:01.565 [main] Ejb3Column - Binding column: Ejb3JoinColumn{logicalColumnName='cards_KEY', referencedColumn='null', mappedBy='null'}
[DEBUG] 2019-10-16 02:32:01.568 [main] Ejb3Column - Binding column: Ejb3JoinColumn{logicalColumnName='null', referencedColumn='null', mappedBy='collector'}
[DEBUG] 2019-10-16 02:32:01.568 [main] Ejb3Column - Binding column: Ejb3JoinColumn{logicalColumnName='null', referencedColumn='null', mappedBy='collector'}
[DEBUG] 2019-10-16 02:32:01.569 [main] CollectionBinder - Collection role: entity.Collector.cards
[DEBUG] 2019-10-16 02:32:01.572 [main] PropertyBinder - Building property cards
[DEBUG] 2019-10-16 02:32:01.572 [main] Ejb3Column - Binding column: Ejb3Column{table=org.hibernate.mapping.Table(collector), mappingColumn=user_password, insertable=true, updatable=true, unique=false}
[DEBUG] 2019-10-16 02:32:01.575 [main] PropertyBinder - MetadataSourceProcessor property password with lazy=false
[DEBUG] 2019-10-16 02:32:01.575 [main] AbstractPropertyHolder - Attempting to locate auto-apply AttributeConverter for property [entity.Collector:password]
[DEBUG] 2019-10-16 02:32:01.576 [main] SimpleValueBinder - building SimpleValue for password
[DEBUG] 2019-10-16 02:32:01.576 [main] PropertyBinder - Building property password
[DEBUG] 2019-10-16 02:32:01.576 [main] Ejb3Column - Binding column: Ejb3Column{table=org.hibernate.mapping.Table(collector), mappingColumn=user_name, insertable=true, updatable=true, unique=false}
[DEBUG] 2019-10-16 02:32:01.576 [main] PropertyBinder - MetadataSourceProcessor property userName with lazy=false
[DEBUG] 2019-10-16 02:32:01.578 [main] AbstractPropertyHolder - Attempting to locate auto-apply AttributeConverter for property [entity.Collector:userName]
[DEBUG] 2019-10-16 02:32:01.578 [main] SimpleValueBinder - building SimpleValue for userName
[DEBUG] 2019-10-16 02:32:01.579 [main] PropertyBinder - Building property userName
[DEBUG] 2019-10-16 02:32:01.581 [main] SimpleValueBinder - Starting fillSimpleValue for id
[DEBUG] 2019-10-16 02:32:01.582 [main] SimpleValueBinder - Starting fillSimpleValue for cardName
[DEBUG] 2019-10-16 02:32:01.582 [main] SimpleValueBinder - Starting fillSimpleValue for cardPrice
[DEBUG] 2019-10-16 02:32:01.582 [main] SimpleValueBinder - Starting fillSimpleValue for cardQuantity
[DEBUG] 2019-10-16 02:32:01.582 [main] SimpleValueBinder - Starting fillSimpleValue for cardRarity
[DEBUG] 2019-10-16 02:32:01.582 [main] SimpleValueBinder - Starting fillSimpleValue for cardSet
[DEBUG] 2019-10-16 02:32:01.582 [main] SimpleValueBinder - Starting fillSimpleValue for cardType
[DEBUG] 2019-10-16 02:32:01.582 [main] SimpleValueBinder - Starting fillSimpleValue for id
[DEBUG] 2019-10-16 02:32:01.582 [main] SimpleValueBinder - Starting fillSimpleValue for password
[DEBUG] 2019-10-16 02:32:01.582 [main] SimpleValueBinder - Starting fillSimpleValue for userName
[DEBUG] 2019-10-16 02:32:01.590 [main] PrimaryKey - Forcing column [id] to be non-null as it is part of the primary key for table [yugioh_card]
[DEBUG] 2019-10-16 02:32:01.590 [main] PrimaryKey - Forcing column [id] to be non-null as it is part of the primary key for table [collector]
[DEBUG] 2019-10-16 02:32:01.590 [main] CollectionSecondPass - Second pass for collection: entity.Collector.cards
[DEBUG] 2019-10-16 02:32:01.592 [main] CollectionBinder - Binding a OneToMany: entity.Collector.cards through a foreign key
[DEBUG] 2019-10-16 02:32:01.593 [main] CollectionBinder - Mapping collection: entity.Collector.cards -> yugioh_card
[DEBUG] 2019-10-16 02:32:01.597 [main] TableBinder - Retrieving property entity.YugiohCard.collector
[DEBUG] 2019-10-16 02:32:01.598 [main] CollectionSecondPass - Mapped collection key: collector_id, one-to-many: entity.YugiohCard
[DEBUG] 2019-10-16 02:32:01.598 [main] InFlightMetadataCollectorImpl - Resolving reference to class: entity.Collector
[DEBUG] 2019-10-16 02:32:01.602 [main] InFlightMetadataCollectorImpl - Resolving reference to class: entity.Collector
[DEBUG] 2019-10-16 02:32:01.642 [main] SessionFactoryImpl - Building session factory
[DEBUG] 2019-10-16 02:32:01.643 [main] Settings - SessionFactory name : null
[DEBUG] 2019-10-16 02:32:01.644 [main] Settings - Automatic flush during beforeCompletion(): enabled
[DEBUG] 2019-10-16 02:32:01.644 [main] Settings - Automatic session close at end of transaction: disabled
[DEBUG] 2019-10-16 02:32:01.644 [main] Settings - Statistics: disabled
[DEBUG] 2019-10-16 02:32:01.644 [main] Settings - Deleted entity synthetic identifier rollback: disabled
[DEBUG] 2019-10-16 02:32:01.644 [main] Settings - Default entity-mode: pojo
[DEBUG] 2019-10-16 02:32:01.644 [main] Settings - Check Nullability in Core (should be disabled when Bean Validation is on): enabled
[DEBUG] 2019-10-16 02:32:01.644 [main] Settings - Allow initialization of lazy state outside session : disabled
[DEBUG] 2019-10-16 02:32:01.644 [main] Settings - Using BatchFetchStyle : LEGACY
[DEBUG] 2019-10-16 02:32:01.645 [main] Settings - Default batch fetch size: -1
[DEBUG] 2019-10-16 02:32:01.646 [main] Settings - Maximum outer join fetch depth: 2
[DEBUG] 2019-10-16 02:32:01.647 [main] Settings - Default null ordering: NONE
[DEBUG] 2019-10-16 02:32:01.649 [main] Settings - Order SQL updates by primary key: disabled
[DEBUG] 2019-10-16 02:32:01.649 [main] Settings - Order SQL inserts for batching: disabled
[DEBUG] 2019-10-16 02:32:01.649 [main] Settings - multi-tenancy strategy : NONE
[DEBUG] 2019-10-16 02:32:01.649 [main] Settings - JTA Track by Thread: enabled
[DEBUG] 2019-10-16 02:32:01.649 [main] Settings - Query language substitutions: {}
[DEBUG] 2019-10-16 02:32:01.649 [main] Settings - Named query checking : enabled
[DEBUG] 2019-10-16 02:32:01.649 [main] Settings - Second-level cache: disabled
[DEBUG] 2019-10-16 02:32:01.649 [main] Settings - Second-level query cache: disabled
[DEBUG] 2019-10-16 02:32:01.649 [main] Settings - Second-level query cache factory: null
[DEBUG] 2019-10-16 02:32:01.649 [main] Settings - Second-level cache region prefix: null
[DEBUG] 2019-10-16 02:32:01.649 [main] Settings - Optimize second-level cache for minimal puts: disabled
[DEBUG] 2019-10-16 02:32:01.649 [main] Settings - Structured second-level cache entries: disabled
[DEBUG] 2019-10-16 02:32:01.649 [main] Settings - Second-level cache direct-reference entries: disabled
[DEBUG] 2019-10-16 02:32:01.649 [main] Settings - Automatic eviction of collection cache: disabled
[DEBUG] 2019-10-16 02:32:01.649 [main] Settings - JDBC batch size: 15
[DEBUG] 2019-10-16 02:32:01.649 [main] Settings - JDBC batch updates for versioned data: enabled
[DEBUG] 2019-10-16 02:32:01.649 [main] Settings - Scrollable result sets: enabled
[DEBUG] 2019-10-16 02:32:01.650 [main] Settings - Wrap result sets: disabled
[DEBUG] 2019-10-16 02:32:01.650 [main] Settings - JDBC3 getGeneratedKeys(): enabled
[DEBUG] 2019-10-16 02:32:01.650 [main] Settings - JDBC result set fetch size: null
[DEBUG] 2019-10-16 02:32:01.650 [main] Settings - Connection release mode: AFTER_TRANSACTION
[DEBUG] 2019-10-16 02:32:01.650 [main] Settings - Generate SQL with comments: disabled
[DEBUG] 2019-10-16 02:32:01.650 [main] Settings - JPA compliance - query : 
[DEBUG] 2019-10-16 02:32:01.650 [main] Settings - JPA compliance - closed-handling : 
[DEBUG] 2019-10-16 02:32:01.650 [main] Settings - JPA compliance - lists : 
[DEBUG] 2019-10-16 02:32:01.650 [main] Settings - JPA compliance - transactions : 
[INFO ] 2019-10-16 02:32:01.713 [main] beans - HHH10005002: No explicit CDI BeanManager reference was passed to Hibernate, but CDI is available on the Hibernate ClassLoader.
[DEBUG] 2019-10-16 02:32:01.748 [main] SessionFactoryImpl - Session factory constructed with filter configurations : {}
[DEBUG] 2019-10-16 02:32:01.749 [main] SessionFactoryImpl - Instantiating session factory with properties: {sun.desktop=gnome, awt.toolkit=sun.awt.X11.XToolkit, java.specification.version=11, sun.cpu.isalist=, hibernate.c3p0.idle_test_period=3000, sun.jnu.encoding=UTF-8, hibernate.c3p0.min_size=5, java.class.path=/home/student/intellij/lib/idea_rt.jar:/home/student/intellij/plugins/junit/lib/junit-rt.jar:/home/student/intellij/plugins/junit/lib/junit5-rt.jar:/home/student/IdeaProjects/indieProjectDemo/target/test-classes:/home/student/IdeaProjects/indieProjectDemo/target/classes:/home/student/.m2/repository/org/junit/platform/junit-platform-runner/1.0.0/junit-platform-runner-1.0.0.jar:/home/student/.m2/repository/org/apiguardian/apiguardian-api/1.0.0/apiguardian-api-1.0.0.jar:/home/student/.m2/repository/org/junit/platform/junit-platform-launcher/1.0.0/junit-platform-launcher-1.0.0.jar:/home/student/.m2/repository/org/junit/platform/junit-platform-suite-api/1.0.0/junit-platform-suite-api-1.0.0.jar:/home/student/.m2/repository/org/junit/platform/junit-platform-commons/1.0.0/junit-platform-commons-1.0.0.jar:/home/student/.m2/repository/org/junit/vintage/junit-vintage-engine/4.12.0/junit-vintage-engine-4.12.0.jar:/home/student/.m2/repository/org/junit/platform/junit-platform-engine/1.0.0/junit-platform-engine-1.0.0.jar:/home/student/.m2/repository/org/opentest4j/opentest4j/1.0.0/opentest4j-1.0.0.jar:/home/student/.m2/repository/org/junit/jupiter/junit-jupiter-engine/5.0.0/junit-jupiter-engine-5.0.0.jar:/home/student/.m2/repository/org/junit/jupiter/junit-jupiter-api/5.0.0/junit-jupiter-api-5.0.0.jar:/home/student/.m2/repository/junit/junit/4.12/junit-4.12.jar:/home/student/.m2/repository/org/hamcrest/hamcrest-core/1.3/hamcrest-core-1.3.jar:/home/student/.m2/repository/javax/javaee-web-api/7.0/javaee-web-api-7.0.jar:/home/student/.m2/repository/mysql/mysql-connector-java/8.0.16/mysql-connector-java-8.0.16.jar:/home/student/.m2/repository/com/google/protobuf/protobuf-java/3.6.1/protobuf-java-3.6.1.jar:/home/student/.m2/repository/jstl/jstl/1.2/jstl-1.2.jar:/home/student/.m2/repository/org/apache/logging/log4j/log4j-api/2.10.0/log4j-api-2.10.0.jar:/home/student/.m2/repository/org/apache/logging/log4j/log4j-core/2.10.0/log4j-core-2.10.0.jar:/home/student/.m2/repository/commons-fileupload/commons-fileupload/1.3.3/commons-fileupload-1.3.3.jar:/home/student/.m2/repository/commons-io/commons-io/2.6/commons-io-2.6.jar:/home/student/.m2/repository/org/hibernate/hibernate-core/5.4.4.Final/hibernate-core-5.4.4.Final.jar:/home/student/.m2/repository/org/jboss/logging/jboss-logging/3.3.2.Final/jboss-logging-3.3.2.Final.jar:/home/student/.m2/repository/javax/persistence/javax.persistence-api/2.2/javax.persistence-api-2.2.jar:/home/student/.m2/repository/org/javassist/javassist/3.24.0-GA/javassist-3.24.0-GA.jar:/home/student/.m2/repository/net/bytebuddy/byte-buddy/1.9.11/byte-buddy-1.9.11.jar:/home/student/.m2/repository/antlr/antlr/2.7.7/antlr-2.7.7.jar:/home/student/.m2/repository/org/jboss/spec/javax/transaction/jboss-transaction-api_1.2_spec/1.1.1.Final/jboss-transaction-api_1.2_spec-1.1.1.Final.jar:/home/student/.m2/repository/org/jboss/jandex/2.0.5.Final/jandex-2.0.5.Final.jar:/home/student/.m2/repository/com/fasterxml/classmate/1.3.4/classmate-1.3.4.jar:/home/student/.m2/repository/javax/activation/javax.activation-api/1.2.0/javax.activation-api-1.2.0.jar:/home/student/.m2/repository/org/dom4j/dom4j/2.1.1/dom4j-2.1.1.jar:/home/student/.m2/repository/org/hibernate/common/hibernate-commons-annotations/5.1.0.Final/hibernate-commons-annotations-5.1.0.Final.jar:/home/student/.m2/repository/javax/xml/bind/jaxb-api/2.3.1/jaxb-api-2.3.1.jar:/home/student/.m2/repository/org/glassfish/jaxb/jaxb-runtime/2.3.1/jaxb-runtime-2.3.1.jar:/home/student/.m2/repository/org/glassfish/jaxb/txw2/2.3.1/txw2-2.3.1.jar:/home/student/.m2/repository/com/sun/istack/istack-commons-runtime/3.0.7/istack-commons-runtime-3.0.7.jar:/home/student/.m2/repository/org/jvnet/staxex/stax-ex/1.8/stax-ex-1.8.jar:/home/student/.m2/repository/com/sun/xml/fastinfoset/FastInfoset/1.2.15/FastInfoset-1.2.15.jar:/home/student/.m2/repository/org/hibernate/hibernate-c3p0/5.4.4.Final/hibernate-c3p0-5.4.4.Final.jar:/home/student/.m2/repository/com/mchange/c3p0/0.9.5.3/c3p0-0.9.5.3.jar:/home/student/.m2/repository/com/mchange/mchange-commons-java/0.2.15/mchange-commons-java-0.2.15.jar, java.vm.vendor=Ubuntu, sun.arch.data.model=64, idea.test.cyclic.buffer.size=1048576, java.vendor.url=https://ubuntu.com/, user.timezone=America/Chicago, os.name=Linux, java.vm.specification.version=11, sun.java.launcher=SUN_STANDARD, user.country=US, sun.boot.library.path=/usr/lib/jvm/java-11-openjdk-amd64/lib, sun.java.command=com.intellij.rt.execution.junit.JUnitStarter -ideVersion5 -junit5 persistence.CollectorDaoTest,insertWithBookSuccess, jdk.debug=release, sun.cpu.endian=little, user.home=/home/student, hibernate.c3p0.max_statements=50, user.language=en, java.specification.vendor=Oracle Corporation, java.version.date=2019-07-16, java.home=/usr/lib/jvm/java-11-openjdk-amd64, file.separator=/, java.vm.compressedOopsMode=32-bit, line.separator=
, hibernate.c3p0.timeout=300, java.specification.name=Java Platform API Specification, java.vm.specification.vendor=Oracle Corporation, java.awt.graphicsenv=sun.awt.X11GraphicsEnvironment, connection.password=student, sun.management.compiler=HotSpot 64-Bit Tiered Compilers, hibernate.c3p0.max_size=20, java.runtime.version=11.0.4+11-post-Ubuntu-1ubuntu218.04.3, user.name=student, path.separator=:, hibernate.connection.username=****, os.version=5.0.0-31-generic, java.runtime.name=OpenJDK Runtime Environment, hibernate.connection.url=jdbc:mysql://localhost:3306/test_yugioh_card_db, file.encoding=UTF-8, java.vm.name=OpenJDK 64-Bit Server VM, hibernate.connection.driver_class=com.mysql.cj.jdbc.Driver, java.vendor.url.bug=https://bugs.launchpad.net/ubuntu/+source/openjdk-lts, java.io.tmpdir=/tmp, java.version=11.0.4, user.dir=/home/student/IdeaProjects/indieProjectDemo, os.arch=amd64, connection.username=root, java.vm.specification.name=Java Virtual Machine Specification, java.awt.printerjob=sun.print.PSPrinterJob, hibernate.connection.password=****, sun.os.patch.level=unknown, connection.driver_class=com.mysql.cj.jdbc.Driver, hibernate.boot.CfgXmlAccessService.key=org.hibernate.boot.cfgxml.spi.LoadedConfig@4fe64d23, java.library.path=/usr/java/packages/lib:/usr/lib/x86_64-linux-gnu/jni:/lib/x86_64-linux-gnu:/usr/lib/x86_64-linux-gnu:/usr/lib/jni:/lib:/usr/lib, java.vendor=Ubuntu, java.vm.info=mixed mode, sharing, java.vm.version=11.0.4+11-post-Ubuntu-1ubuntu218.04.3, hibernate.bytecode.use_reflection_optimizer=false, sun.io.unicode.encoding=UnicodeLittle, connection.url=jdbc:mysql://localhost:3306/test_yugioh_card_db, java.class.version=55.0}
[DEBUG] 2019-10-16 02:32:01.777 [main] TypeSafeActivator - Unable to acquire Bean Validation ValidatorFactory, skipping activation
[DEBUG] 2019-10-16 02:32:01.778 [main] JaccIntegrator - Skipping JACC integration as it was not enabled
[DEBUG] 2019-10-16 02:32:01.783 [main] SessionFactoryImpl - Instantiated session factory
[DEBUG] 2019-10-16 02:32:01.783 [main] TypeConfiguration$Scope - Scoping TypeConfiguration [org.hibernate.type.spi.TypeConfiguration@4893b344] to SessionFactoryImpl [org.hibernate.internal.SessionFactoryImpl@596a7f44]
[DEBUG] 2019-10-16 02:32:01.949 [main] ClassLoaderAccessImpl - Not known whether passed class name [entity.Collector] is safe
[DEBUG] 2019-10-16 02:32:01.955 [main] ClassLoaderAccessImpl - No temp ClassLoader provided; using live ClassLoader for loading potentially unsafe class : entity.Collector
[DEBUG] 2019-10-16 02:32:01.979 [main] ClassLoaderAccessImpl - Not known whether passed class name [entity.Collector] is safe
[DEBUG] 2019-10-16 02:32:01.979 [main] ClassLoaderAccessImpl - No temp ClassLoader provided; using live ClassLoader for loading potentially unsafe class : entity.Collector
[DEBUG] 2019-10-16 02:32:02.236 [main] ClassLoaderAccessImpl - Not known whether passed class name [entity.YugiohCard] is safe
[DEBUG] 2019-10-16 02:32:02.236 [main] ClassLoaderAccessImpl - No temp ClassLoader provided; using live ClassLoader for loading potentially unsafe class : entity.YugiohCard
[DEBUG] 2019-10-16 02:32:02.237 [main] ClassLoaderAccessImpl - Not known whether passed class name [entity.YugiohCard] is safe
[DEBUG] 2019-10-16 02:32:02.237 [main] ClassLoaderAccessImpl - No temp ClassLoader provided; using live ClassLoader for loading potentially unsafe class : entity.YugiohCard
[DEBUG] 2019-10-16 02:32:02.314 [main] AbstractCollectionPersister - Static SQL for collection: entity.Collector.cards
[DEBUG] 2019-10-16 02:32:02.314 [main] AbstractCollectionPersister -  Row insert: update yugioh_card set collector_id=? where id=?
[DEBUG] 2019-10-16 02:32:02.315 [main] AbstractCollectionPersister -  Row update: update yugioh_card set  where id=?
[DEBUG] 2019-10-16 02:32:02.315 [main] AbstractCollectionPersister -  Row delete: update yugioh_card set collector_id=null where collector_id=? and id=?
[DEBUG] 2019-10-16 02:32:02.315 [main] AbstractCollectionPersister -  One-shot delete: update yugioh_card set collector_id=null where collector_id=?
[DEBUG] 2019-10-16 02:32:02.317 [main] AbstractEntityPersister - Static SQL for entity: entity.Collector
[DEBUG] 2019-10-16 02:32:02.317 [main] AbstractEntityPersister -  Version select: select id from collector where id =?
[DEBUG] 2019-10-16 02:32:02.317 [main] AbstractEntityPersister -  Snapshot select: select collector_.id, collector_.user_password as user_pas2_0_, collector_.user_name as user_nam3_0_ from collector collector_ where collector_.id=?
[DEBUG] 2019-10-16 02:32:02.322 [main] AbstractEntityPersister -  Insert 0: insert into collector (user_password, user_name, id) values (?, ?, ?)
[DEBUG] 2019-10-16 02:32:02.323 [main] AbstractEntityPersister -  Update 0: update collector set user_password=?, user_name=? where id=?
[DEBUG] 2019-10-16 02:32:02.323 [main] AbstractEntityPersister -  Delete 0: delete from collector where id=?
[DEBUG] 2019-10-16 02:32:02.323 [main] AbstractEntityPersister -  Identity insert: insert into collector (user_password, user_name) values (?, ?)
[DEBUG] 2019-10-16 02:32:02.351 [main] QuerySpacesImpl - Adding QuerySpace : uid = <gen:0> -> org.hibernate.loader.plan.build.internal.spaces.EntityQuerySpaceImpl@52454457]
[DEBUG] 2019-10-16 02:32:02.352 [main] MetamodelGraphWalker - Visiting attribute path : cards
[DEBUG] 2019-10-16 02:32:02.360 [main] QuerySpacesImpl - Adding QuerySpace : uid = <gen:1> -> org.hibernate.loader.plan.build.internal.spaces.CollectionQuerySpaceImpl@2921199d]
[DEBUG] 2019-10-16 02:32:02.362 [main] QuerySpacesImpl - Adding QuerySpace : uid = <gen:2> -> org.hibernate.loader.plan.build.internal.spaces.EntityQuerySpaceImpl@7c1a8f0f]
[DEBUG] 2019-10-16 02:32:02.371 [main] MetamodelGraphWalker - Visiting attribute path : cards.cardName
[DEBUG] 2019-10-16 02:32:02.371 [main] MetamodelGraphWalker - Visiting attribute path : cards.cardPrice
[DEBUG] 2019-10-16 02:32:02.371 [main] MetamodelGraphWalker - Visiting attribute path : cards.cardQuantity
[DEBUG] 2019-10-16 02:32:02.371 [main] MetamodelGraphWalker - Visiting attribute path : cards.cardRarity
[DEBUG] 2019-10-16 02:32:02.371 [main] MetamodelGraphWalker - Visiting attribute path : cards.cardSet
[DEBUG] 2019-10-16 02:32:02.371 [main] MetamodelGraphWalker - Visiting attribute path : cards.cardType
[DEBUG] 2019-10-16 02:32:02.371 [main] MetamodelGraphWalker - Visiting attribute path : cards.collector
[DEBUG] 2019-10-16 02:32:02.371 [main] MetamodelGraphWalker - Property path deemed to be circular : cards.collector
[DEBUG] 2019-10-16 02:32:02.372 [main] MetamodelGraphWalker - Visiting attribute path : password
[DEBUG] 2019-10-16 02:32:02.372 [main] MetamodelGraphWalker - Visiting attribute path : userName
[DEBUG] 2019-10-16 02:32:02.374 [main] FetchStyleLoadPlanBuildingAssociationVisitationStrategy - Building LoadPlan...
[DEBUG] 2019-10-16 02:32:02.391 [main] LoadQueryJoinAndFetchProcessor - processing queryspace <gen:0>
[DEBUG] 2019-10-16 02:32:02.398 [main] LoadPlanTreePrinter - LoadPlan(entity=entity.Collector)
    - Returns
       - EntityReturnImpl(entity=entity.Collector, querySpaceUid=<gen:0>, path=entity.Collector)
          - CollectionAttributeFetchImpl(collection=entity.Collector.cards, querySpaceUid=<gen:1>, path=entity.Collector.cards)
             - (collection element) CollectionFetchableElementEntityGraph(entity=entity.YugiohCard, querySpaceUid=<gen:2>, path=entity.Collector.cards.<elements>)
    - QuerySpaces
       - EntityQuerySpaceImpl(uid=<gen:0>, entity=entity.Collector)
          - SQL table alias mapping - collector0_
          - alias suffix - 0_
          - suffixed key columns - {id1_0_0_}
          - JOIN (JoinDefinedByMetadata(cards)) : <gen:0> -> <gen:1>
             - CollectionQuerySpaceImpl(uid=<gen:1>, collection=entity.Collector.cards)
                - SQL table alias mapping - cards1_
                - alias suffix - 1_
                - suffixed key columns - {collecto8_1_1_}
                - entity-element alias suffix - 2_
                - 2_entity-element suffixed key columns - id1_1_2_
                - JOIN (JoinDefinedByMetadata(elements)) : <gen:1> -> <gen:2>
                   - EntityQuerySpaceImpl(uid=<gen:2>, entity=entity.YugiohCard)
                      - SQL table alias mapping - cards1_
                      - alias suffix - 2_
                      - suffixed key columns - {id1_1_2_}

[DEBUG] 2019-10-16 02:32:02.407 [main] EntityLoader - Static select for entity entity.Collector [NONE]: select collector0_.id as id1_0_0_, collector0_.user_password as user_pas2_0_0_, collector0_.user_name as user_nam3_0_0_, cards1_.collector_id as collecto8_1_1_, cards1_.id as id1_1_1_, cards1_.id as id1_1_2_, cards1_.card_name as card_nam2_1_2_, cards1_.card_price as card_pri3_1_2_, cards1_.card_quantity as card_qua4_1_2_, cards1_.card_rarity as card_rar5_1_2_, cards1_.card_set as card_set6_1_2_, cards1_.card_type as card_typ7_1_2_, cards1_.collector_id as collecto8_1_2_ from collector collector0_ left outer join yugioh_card cards1_ on collector0_.id=cards1_.collector_id where collector0_.id=?
[DEBUG] 2019-10-16 02:32:02.408 [main] QuerySpacesImpl - Adding QuerySpace : uid = <gen:0> -> org.hibernate.loader.plan.build.internal.spaces.EntityQuerySpaceImpl@3caafa67]
[DEBUG] 2019-10-16 02:32:02.408 [main] MetamodelGraphWalker - Visiting attribute path : cards
[DEBUG] 2019-10-16 02:32:02.408 [main] QuerySpacesImpl - Adding QuerySpace : uid = <gen:1> -> org.hibernate.loader.plan.build.internal.spaces.CollectionQuerySpaceImpl@53747c4a]
[DEBUG] 2019-10-16 02:32:02.408 [main] QuerySpacesImpl - Adding QuerySpace : uid = <gen:2> -> org.hibernate.loader.plan.build.internal.spaces.EntityQuerySpaceImpl@64b0d1fa]
[DEBUG] 2019-10-16 02:32:02.408 [main] MetamodelGraphWalker - Visiting attribute path : cards.cardName
[DEBUG] 2019-10-16 02:32:02.408 [main] MetamodelGraphWalker - Visiting attribute path : cards.cardPrice
[DEBUG] 2019-10-16 02:32:02.408 [main] MetamodelGraphWalker - Visiting attribute path : cards.cardQuantity
[DEBUG] 2019-10-16 02:32:02.408 [main] MetamodelGraphWalker - Visiting attribute path : cards.cardRarity
[DEBUG] 2019-10-16 02:32:02.408 [main] MetamodelGraphWalker - Visiting attribute path : cards.cardSet
[DEBUG] 2019-10-16 02:32:02.408 [main] MetamodelGraphWalker - Visiting attribute path : cards.cardType
[DEBUG] 2019-10-16 02:32:02.408 [main] MetamodelGraphWalker - Visiting attribute path : cards.collector
[DEBUG] 2019-10-16 02:32:02.409 [main] MetamodelGraphWalker - Property path deemed to be circular : cards.collector
[DEBUG] 2019-10-16 02:32:02.409 [main] MetamodelGraphWalker - Visiting attribute path : password
[DEBUG] 2019-10-16 02:32:02.409 [main] MetamodelGraphWalker - Visiting attribute path : userName
[DEBUG] 2019-10-16 02:32:02.409 [main] FetchStyleLoadPlanBuildingAssociationVisitationStrategy - Building LoadPlan...
[DEBUG] 2019-10-16 02:32:02.409 [main] LoadQueryJoinAndFetchProcessor - processing queryspace <gen:0>
[DEBUG] 2019-10-16 02:32:02.410 [main] LoadPlanTreePrinter - LoadPlan(entity=entity.Collector)
    - Returns
       - EntityReturnImpl(entity=entity.Collector, querySpaceUid=<gen:0>, path=entity.Collector)
          - CollectionAttributeFetchImpl(collection=entity.Collector.cards, querySpaceUid=<gen:1>, path=entity.Collector.cards)
             - (collection element) CollectionFetchableElementEntityGraph(entity=entity.YugiohCard, querySpaceUid=<gen:2>, path=entity.Collector.cards.<elements>)
    - QuerySpaces
       - EntityQuerySpaceImpl(uid=<gen:0>, entity=entity.Collector)
          - SQL table alias mapping - collector0_
          - alias suffix - 0_
          - suffixed key columns - {id1_0_0_}
          - JOIN (JoinDefinedByMetadata(cards)) : <gen:0> -> <gen:1>
             - CollectionQuerySpaceImpl(uid=<gen:1>, collection=entity.Collector.cards)
                - SQL table alias mapping - cards1_
                - alias suffix - 1_
                - suffixed key columns - {collecto8_1_1_}
                - entity-element alias suffix - 2_
                - 2_entity-element suffixed key columns - id1_1_2_
                - JOIN (JoinDefinedByMetadata(elements)) : <gen:1> -> <gen:2>
                   - EntityQuerySpaceImpl(uid=<gen:2>, entity=entity.YugiohCard)
                      - SQL table alias mapping - cards1_
                      - alias suffix - 2_
                      - suffixed key columns - {id1_1_2_}

[DEBUG] 2019-10-16 02:32:02.410 [main] EntityLoader - Static select for entity entity.Collector [READ]: select collector0_.id as id1_0_0_, collector0_.user_password as user_pas2_0_0_, collector0_.user_name as user_nam3_0_0_, cards1_.collector_id as collecto8_1_1_, cards1_.id as id1_1_1_, cards1_.id as id1_1_2_, cards1_.card_name as card_nam2_1_2_, cards1_.card_price as card_pri3_1_2_, cards1_.card_quantity as card_qua4_1_2_, cards1_.card_rarity as card_rar5_1_2_, cards1_.card_set as card_set6_1_2_, cards1_.card_type as card_typ7_1_2_, cards1_.collector_id as collecto8_1_2_ from collector collector0_ left outer join yugioh_card cards1_ on collector0_.id=cards1_.collector_id where collector0_.id=?
[DEBUG] 2019-10-16 02:32:02.432 [main] Loader - Static select for action ACTION_MERGE on entity entity.Collector: select collector0_.id as id1_0_1_, collector0_.user_password as user_pas2_0_1_, collector0_.user_name as user_nam3_0_1_, cards1_.collector_id as collecto8_1_3_, cards1_.id as id1_1_3_, cards1_.id as id1_1_0_, cards1_.card_name as card_nam2_1_0_, cards1_.card_price as card_pri3_1_0_, cards1_.card_quantity as card_qua4_1_0_, cards1_.card_rarity as card_rar5_1_0_, cards1_.card_set as card_set6_1_0_, cards1_.card_type as card_typ7_1_0_, cards1_.collector_id as collecto8_1_0_ from collector collector0_ left outer join yugioh_card cards1_ on collector0_.id=cards1_.collector_id where collector0_.id=?
[DEBUG] 2019-10-16 02:32:02.434 [main] Loader - Static select for action ACTION_REFRESH on entity entity.Collector: select collector0_.id as id1_0_1_, collector0_.user_password as user_pas2_0_1_, collector0_.user_name as user_nam3_0_1_, cards1_.collector_id as collecto8_1_3_, cards1_.id as id1_1_3_, cards1_.id as id1_1_0_, cards1_.card_name as card_nam2_1_0_, cards1_.card_price as card_pri3_1_0_, cards1_.card_quantity as card_qua4_1_0_, cards1_.card_rarity as card_rar5_1_0_, cards1_.card_set as card_set6_1_0_, cards1_.card_type as card_typ7_1_0_, cards1_.collector_id as collecto8_1_0_ from collector collector0_ left outer join yugioh_card cards1_ on collector0_.id=cards1_.collector_id where collector0_.id=?
[DEBUG] 2019-10-16 02:32:02.434 [main] AbstractEntityPersister - Static SQL for entity: entity.YugiohCard
[DEBUG] 2019-10-16 02:32:02.434 [main] AbstractEntityPersister -  Version select: select id from yugioh_card where id =?
[DEBUG] 2019-10-16 02:32:02.434 [main] AbstractEntityPersister -  Snapshot select: select yugiohcard_.id, yugiohcard_.card_name as card_nam2_1_, yugiohcard_.card_price as card_pri3_1_, yugiohcard_.card_quantity as card_qua4_1_, yugiohcard_.card_rarity as card_rar5_1_, yugiohcard_.card_set as card_set6_1_, yugiohcard_.card_type as card_typ7_1_, yugiohcard_.collector_id as collecto8_1_ from yugioh_card yugiohcard_ where yugiohcard_.id=?
[DEBUG] 2019-10-16 02:32:02.434 [main] AbstractEntityPersister -  Insert 0: insert into yugioh_card (card_name, card_price, card_quantity, card_rarity, card_set, card_type, collector_id, id) values (?, ?, ?, ?, ?, ?, ?, ?)
[DEBUG] 2019-10-16 02:32:02.434 [main] AbstractEntityPersister -  Update 0: update yugioh_card set card_name=?, card_price=?, card_quantity=?, card_rarity=?, card_set=?, card_type=?, collector_id=? where id=?
[DEBUG] 2019-10-16 02:32:02.434 [main] AbstractEntityPersister -  Delete 0: delete from yugioh_card where id=?
[DEBUG] 2019-10-16 02:32:02.434 [main] AbstractEntityPersister -  Identity insert: insert into yugioh_card (card_name, card_price, card_quantity, card_rarity, card_set, card_type, collector_id) values (?, ?, ?, ?, ?, ?, ?)
[DEBUG] 2019-10-16 02:32:02.435 [main] QuerySpacesImpl - Adding QuerySpace : uid = <gen:0> -> org.hibernate.loader.plan.build.internal.spaces.EntityQuerySpaceImpl@316cda31]
[DEBUG] 2019-10-16 02:32:02.437 [main] MetamodelGraphWalker - Visiting attribute path : cardName
[DEBUG] 2019-10-16 02:32:02.437 [main] MetamodelGraphWalker - Visiting attribute path : cardPrice
[DEBUG] 2019-10-16 02:32:02.437 [main] MetamodelGraphWalker - Visiting attribute path : cardQuantity
[DEBUG] 2019-10-16 02:32:02.437 [main] MetamodelGraphWalker - Visiting attribute path : cardRarity
[DEBUG] 2019-10-16 02:32:02.437 [main] MetamodelGraphWalker - Visiting attribute path : cardSet
[DEBUG] 2019-10-16 02:32:02.437 [main] MetamodelGraphWalker - Visiting attribute path : cardType
[DEBUG] 2019-10-16 02:32:02.437 [main] MetamodelGraphWalker - Visiting attribute path : collector
[DEBUG] 2019-10-16 02:32:02.438 [main] QuerySpacesImpl - Adding QuerySpace : uid = <gen:1> -> org.hibernate.loader.plan.build.internal.spaces.EntityQuerySpaceImpl@17d2b075]
[DEBUG] 2019-10-16 02:32:02.438 [main] MetamodelGraphWalker - Visiting attribute path : collector.cards
[DEBUG] 2019-10-16 02:32:02.438 [main] MetamodelGraphWalker - Property path deemed to be circular : collector.cards
[DEBUG] 2019-10-16 02:32:02.438 [main] MetamodelGraphWalker - Visiting attribute path : collector.password
[DEBUG] 2019-10-16 02:32:02.438 [main] MetamodelGraphWalker - Visiting attribute path : collector.userName
[DEBUG] 2019-10-16 02:32:02.438 [main] FetchStyleLoadPlanBuildingAssociationVisitationStrategy - Building LoadPlan...
[DEBUG] 2019-10-16 02:32:02.439 [main] LoadQueryJoinAndFetchProcessor - processing queryspace <gen:0>
[DEBUG] 2019-10-16 02:32:02.440 [main] LoadPlanTreePrinter - LoadPlan(entity=entity.YugiohCard)
    - Returns
       - EntityReturnImpl(entity=entity.YugiohCard, querySpaceUid=<gen:0>, path=entity.YugiohCard)
          - EntityAttributeFetchImpl(entity=entity.Collector, querySpaceUid=<gen:1>, path=entity.YugiohCard.collector)
    - QuerySpaces
       - EntityQuerySpaceImpl(uid=<gen:0>, entity=entity.YugiohCard)
          - SQL table alias mapping - yugiohcard0_
          - alias suffix - 0_
          - suffixed key columns - {id1_1_0_}
          - JOIN (JoinDefinedByMetadata(collector)) : <gen:0> -> <gen:1>
             - EntityQuerySpaceImpl(uid=<gen:1>, entity=entity.Collector)
                - SQL table alias mapping - collector1_
                - alias suffix - 1_
                - suffixed key columns - {id1_0_1_}

[DEBUG] 2019-10-16 02:32:02.440 [main] EntityLoader - Static select for entity entity.YugiohCard [NONE]: select yugiohcard0_.id as id1_1_0_, yugiohcard0_.card_name as card_nam2_1_0_, yugiohcard0_.card_price as card_pri3_1_0_, yugiohcard0_.card_quantity as card_qua4_1_0_, yugiohcard0_.card_rarity as card_rar5_1_0_, yugiohcard0_.card_set as card_set6_1_0_, yugiohcard0_.card_type as card_typ7_1_0_, yugiohcard0_.collector_id as collecto8_1_0_, collector1_.id as id1_0_1_, collector1_.user_password as user_pas2_0_1_, collector1_.user_name as user_nam3_0_1_ from yugioh_card yugiohcard0_ left outer join collector collector1_ on yugiohcard0_.collector_id=collector1_.id where yugiohcard0_.id=?
[DEBUG] 2019-10-16 02:32:02.440 [main] QuerySpacesImpl - Adding QuerySpace : uid = <gen:0> -> org.hibernate.loader.plan.build.internal.spaces.EntityQuerySpaceImpl@6b2dd3df]
[DEBUG] 2019-10-16 02:32:02.441 [main] MetamodelGraphWalker - Visiting attribute path : cardName
[DEBUG] 2019-10-16 02:32:02.441 [main] MetamodelGraphWalker - Visiting attribute path : cardPrice
[DEBUG] 2019-10-16 02:32:02.441 [main] MetamodelGraphWalker - Visiting attribute path : cardQuantity
[DEBUG] 2019-10-16 02:32:02.441 [main] MetamodelGraphWalker - Visiting attribute path : cardRarity
[DEBUG] 2019-10-16 02:32:02.441 [main] MetamodelGraphWalker - Visiting attribute path : cardSet
[DEBUG] 2019-10-16 02:32:02.441 [main] MetamodelGraphWalker - Visiting attribute path : cardType
[DEBUG] 2019-10-16 02:32:02.442 [main] MetamodelGraphWalker - Visiting attribute path : collector
[DEBUG] 2019-10-16 02:32:02.442 [main] QuerySpacesImpl - Adding QuerySpace : uid = <gen:1> -> org.hibernate.loader.plan.build.internal.spaces.EntityQuerySpaceImpl@73c48264]
[DEBUG] 2019-10-16 02:32:02.442 [main] MetamodelGraphWalker - Visiting attribute path : collector.cards
[DEBUG] 2019-10-16 02:32:02.444 [main] MetamodelGraphWalker - Property path deemed to be circular : collector.cards
[DEBUG] 2019-10-16 02:32:02.445 [main] MetamodelGraphWalker - Visiting attribute path : collector.password
[DEBUG] 2019-10-16 02:32:02.445 [main] MetamodelGraphWalker - Visiting attribute path : collector.userName
[DEBUG] 2019-10-16 02:32:02.445 [main] FetchStyleLoadPlanBuildingAssociationVisitationStrategy - Building LoadPlan...
[DEBUG] 2019-10-16 02:32:02.445 [main] LoadQueryJoinAndFetchProcessor - processing queryspace <gen:0>
[DEBUG] 2019-10-16 02:32:02.446 [main] LoadPlanTreePrinter - LoadPlan(entity=entity.YugiohCard)
    - Returns
       - EntityReturnImpl(entity=entity.YugiohCard, querySpaceUid=<gen:0>, path=entity.YugiohCard)
          - EntityAttributeFetchImpl(entity=entity.Collector, querySpaceUid=<gen:1>, path=entity.YugiohCard.collector)
    - QuerySpaces
       - EntityQuerySpaceImpl(uid=<gen:0>, entity=entity.YugiohCard)
          - SQL table alias mapping - yugiohcard0_
          - alias suffix - 0_
          - suffixed key columns - {id1_1_0_}
          - JOIN (JoinDefinedByMetadata(collector)) : <gen:0> -> <gen:1>
             - EntityQuerySpaceImpl(uid=<gen:1>, entity=entity.Collector)
                - SQL table alias mapping - collector1_
                - alias suffix - 1_
                - suffixed key columns - {id1_0_1_}

[DEBUG] 2019-10-16 02:32:02.446 [main] EntityLoader - Static select for entity entity.YugiohCard [READ]: select yugiohcard0_.id as id1_1_0_, yugiohcard0_.card_name as card_nam2_1_0_, yugiohcard0_.card_price as card_pri3_1_0_, yugiohcard0_.card_quantity as card_qua4_1_0_, yugiohcard0_.card_rarity as card_rar5_1_0_, yugiohcard0_.card_set as card_set6_1_0_, yugiohcard0_.card_type as card_typ7_1_0_, yugiohcard0_.collector_id as collecto8_1_0_, collector1_.id as id1_0_1_, collector1_.user_password as user_pas2_0_1_, collector1_.user_name as user_nam3_0_1_ from yugioh_card yugiohcard0_ left outer join collector collector1_ on yugiohcard0_.collector_id=collector1_.id where yugiohcard0_.id=?
[DEBUG] 2019-10-16 02:32:02.446 [main] Loader - Static select for action ACTION_MERGE on entity entity.YugiohCard: select yugiohcard0_.id as id1_1_0_, yugiohcard0_.card_name as card_nam2_1_0_, yugiohcard0_.card_price as card_pri3_1_0_, yugiohcard0_.card_quantity as card_qua4_1_0_, yugiohcard0_.card_rarity as card_rar5_1_0_, yugiohcard0_.card_set as card_set6_1_0_, yugiohcard0_.card_type as card_typ7_1_0_, yugiohcard0_.collector_id as collecto8_1_0_ from yugioh_card yugiohcard0_ where yugiohcard0_.id=?
[DEBUG] 2019-10-16 02:32:02.446 [main] Loader - Static select for action ACTION_REFRESH on entity entity.YugiohCard: select yugiohcard0_.id as id1_1_0_, yugiohcard0_.card_name as card_nam2_1_0_, yugiohcard0_.card_price as card_pri3_1_0_, yugiohcard0_.card_quantity as card_qua4_1_0_, yugiohcard0_.card_rarity as card_rar5_1_0_, yugiohcard0_.card_set as card_set6_1_0_, yugiohcard0_.card_type as card_typ7_1_0_, yugiohcard0_.collector_id as collecto8_1_0_ from yugioh_card yugiohcard0_ where yugiohcard0_.id=?
[DEBUG] 2019-10-16 02:32:02.457 [main] QuerySpacesImpl - Adding QuerySpace : uid = <gen:0> -> org.hibernate.loader.plan.build.internal.spaces.CollectionQuerySpaceImpl@59498d94]
[DEBUG] 2019-10-16 02:32:02.457 [main] QuerySpacesImpl - Adding QuerySpace : uid = <gen:1> -> org.hibernate.loader.plan.build.internal.spaces.EntityQuerySpaceImpl@35bfa1bb]
[DEBUG] 2019-10-16 02:32:02.457 [main] MetamodelGraphWalker - Visiting attribute path : cardName
[DEBUG] 2019-10-16 02:32:02.457 [main] MetamodelGraphWalker - Visiting attribute path : cardPrice
[DEBUG] 2019-10-16 02:32:02.457 [main] MetamodelGraphWalker - Visiting attribute path : cardQuantity
[DEBUG] 2019-10-16 02:32:02.460 [main] MetamodelGraphWalker - Visiting attribute path : cardRarity
[DEBUG] 2019-10-16 02:32:02.460 [main] MetamodelGraphWalker - Visiting attribute path : cardSet
[DEBUG] 2019-10-16 02:32:02.460 [main] MetamodelGraphWalker - Visiting attribute path : cardType
[DEBUG] 2019-10-16 02:32:02.460 [main] MetamodelGraphWalker - Visiting attribute path : collector
[DEBUG] 2019-10-16 02:32:02.460 [main] MetamodelGraphWalker - Property path deemed to be circular : collector
[DEBUG] 2019-10-16 02:32:02.460 [main] FetchStyleLoadPlanBuildingAssociationVisitationStrategy - Building LoadPlan...
[DEBUG] 2019-10-16 02:32:02.464 [main] LoadQueryJoinAndFetchProcessor - processing queryspace <gen:0>
[DEBUG] 2019-10-16 02:32:02.464 [main] LoadPlanTreePrinter - LoadPlan(collection=entity.Collector.cards)
    - Returns
       - CollectionReturnImpl(collection=entity.Collector.cards, querySpaceUid=<gen:0>, path=[entity.Collector.cards])
          - (collection element) CollectionFetchableElementEntityGraph(entity=entity.YugiohCard, querySpaceUid=<gen:1>, path=[entity.Collector.cards].<elements>)
    - QuerySpaces
       - CollectionQuerySpaceImpl(uid=<gen:0>, collection=entity.Collector.cards)
          - SQL table alias mapping - cards0_
          - alias suffix - 0_
          - suffixed key columns - {collecto8_1_0_}
          - entity-element alias suffix - 1_
          - 1_entity-element suffixed key columns - id1_1_1_
          - JOIN (JoinDefinedByMetadata(elements)) : <gen:0> -> <gen:1>
             - EntityQuerySpaceImpl(uid=<gen:1>, entity=entity.YugiohCard)
                - SQL table alias mapping - cards0_
                - alias suffix - 1_
                - suffixed key columns - {id1_1_1_}

[DEBUG] 2019-10-16 02:32:02.465 [main] CollectionLoader - Static select for collection entity.Collector.cards: select cards0_.collector_id as collecto8_1_0_, cards0_.id as id1_1_0_, cards0_.id as id1_1_1_, cards0_.card_name as card_nam2_1_1_, cards0_.card_price as card_pri3_1_1_, cards0_.card_quantity as card_qua4_1_1_, cards0_.card_rarity as card_rar5_1_1_, cards0_.card_set as card_set6_1_1_, cards0_.card_type as card_typ7_1_1_, cards0_.collector_id as collecto8_1_1_ from yugioh_card cards0_ where cards0_.collector_id=?
[DEBUG] 2019-10-16 02:32:02.511 [main] SchemaManagementToolCoordinator - No actions specified; doing nothing
[DEBUG] 2019-10-16 02:32:02.512 [main] JtaPlatformInitiator - No JtaPlatform was specified, checking resolver
[DEBUG] 2019-10-16 02:32:02.512 [main] JtaPlatformResolverInitiator - No JtaPlatformResolver was specified, using default [org.hibernate.engine.transaction.jta.platform.internal.StandardJtaPlatformResolver]
[DEBUG] 2019-10-16 02:32:02.520 [main] StandardJtaPlatformResolver - Could not resolve JtaPlatform, using default [org.hibernate.engine.transaction.jta.platform.internal.NoJtaPlatform]
[INFO ] 2019-10-16 02:32:02.520 [main] JtaPlatformInitiator - HHH000490: Using JtaPlatform implementation: [org.hibernate.engine.transaction.jta.platform.internal.NoJtaPlatform]
[DEBUG] 2019-10-16 02:32:02.520 [main] NamedQueryRepository - Checking 0 named HQL queries
[DEBUG] 2019-10-16 02:32:02.520 [main] NamedQueryRepository - Checking 0 named SQL queries
[DEBUG] 2019-10-16 02:32:02.522 [main] SessionFactoryRegistry - Initializing SessionFactoryRegistry : org.hibernate.internal.SessionFactoryRegistry@310a7859
[DEBUG] 2019-10-16 02:32:02.525 [main] SessionFactoryRegistry - Registering SessionFactory: 58982a01-904f-4921-b300-4ca90a1c87a3 (<unnamed>)
[DEBUG] 2019-10-16 02:32:02.526 [main] SessionFactoryRegistry - Not binding SessionFactory to JNDI, no JNDI name configured
[DEBUG] 2019-10-16 02:32:02.740 [main] StatisticsInitiator - Statistics initialized [enabled=false]
[DEBUG] 2019-10-16 02:32:02.752 [main] TransactionImpl - On TransactionImpl creation, JpaCompliance#isJpaTransactionComplianceEnabled == false
[DEBUG] 2019-10-16 02:32:02.752 [main] TransactionImpl - begin
[DEBUG] 2019-10-16 02:32:02.786 [main] ActionQueue - Executing identity-insert immediately
[DEBUG] 2019-10-16 02:32:02.790 [main] SQL - insert into collector (user_password, user_name) values (?, ?)
[DEBUG] 2019-10-16 02:32:02.826 [main] IdentifierGeneratorHelper - Natively generated identity: 2
[DEBUG] 2019-10-16 02:32:02.826 [main] ResourceRegistryStandardImpl - HHH000387: ResultSet's statement was not registered
[DEBUG] 2019-10-16 02:32:02.839 [main] TransactionImpl - committing
[DEBUG] 2019-10-16 02:32:02.840 [main] AbstractFlushingEventListener - Processing flush-time cascades
[DEBUG] 2019-10-16 02:32:02.842 [main] AbstractFlushingEventListener - Dirty checking collections
[DEBUG] 2019-10-16 02:32:02.847 [main] Collections - Collection found: [entity.Collector.cards#2], was: [<unreferenced>] (initialized)
[DEBUG] 2019-10-16 02:32:02.850 [main] AbstractFlushingEventListener - Flushed: 0 insertions, 0 updates, 0 deletions to 1 objects
[DEBUG] 2019-10-16 02:32:02.851 [main] AbstractFlushingEventListener - Flushed: 1 (re)creations, 0 updates, 0 removals to 1 collections
[DEBUG] 2019-10-16 02:32:02.853 [main] EntityPrinter - Listing entities:
[DEBUG] 2019-10-16 02:32:02.853 [main] EntityPrinter - entity.Collector{password=Orwell, cards=[], id=2, userName=George}
[DEBUG] 2019-10-16 02:32:02.859 [main] LogicalConnectionManagedImpl - Initiating JDBC connection release from afterTransaction
[DEBUG] 2019-10-16 02:32:02.867 [main] LogicalConnectionManagedImpl - Initiating JDBC connection release from afterTransaction
