[DEBUG] 2019-10-16 03:18:38.341 [main] IntegratorServiceImpl - Adding Integrator [org.hibernate.cfg.beanvalidation.BeanValidationIntegrator].
[DEBUG] 2019-10-16 03:18:38.354 [main] IntegratorServiceImpl - Adding Integrator [org.hibernate.secure.spi.JaccIntegrator].
[DEBUG] 2019-10-16 03:18:38.371 [main] IntegratorServiceImpl - Adding Integrator [org.hibernate.cache.internal.CollectionCacheInvalidator].
[INFO ] 2019-10-16 03:18:38.610 [main] Version - HHH000412: Hibernate Core {5.4.4.Final}
[DEBUG] 2019-10-16 03:18:38.628 [main] Environment - HHH000206: hibernate.properties not found
[DEBUG] 2019-10-16 03:18:39.201 [main] LocalXmlResourceResolver - Interpreting public/system identifier : [-//Hibernate/Hibernate Configuration DTD//EN] - [http://www.hibernate.org/dtd/hibernate-configuration-3.0.dtd]
[DEBUG] 2019-10-16 03:18:39.203 [main] LocalXmlResourceResolver - Recognized hibernate-configuration identifier; attempting to resolve on classpath under org/hibernate/
[DEBUG] 2019-10-16 03:18:39.221 [main] JaxbCfgProcessor - cfg.xml document did not define namespaces; wrapping in custom event reader to introduce namespace information
[DEBUG] 2019-10-16 03:18:39.960 [main] ServiceBinding - Overriding existing service binding [org.hibernate.secure.spi.JaccService]
[DEBUG] 2019-10-16 03:18:39.994 [main] RegionFactoryInitiator - Cannot default RegionFactory based on registered strategies as `[]` RegionFactory strategies were registered
[DEBUG] 2019-10-16 03:18:39.997 [main] RegionFactoryInitiator - Cache region factory : org.hibernate.cache.internal.NoCachingRegionFactory
[INFO ] 2019-10-16 03:18:40.029 [main] Version - HCANN000001: Hibernate Commons Annotations {5.1.0.Final}
[DEBUG] 2019-10-16 03:18:40.095 [main] BasicTypeRegistry - Adding type registration boolean -> org.hibernate.type.BooleanType@7c2327fa
[DEBUG] 2019-10-16 03:18:40.098 [main] BasicTypeRegistry - Adding type registration boolean -> org.hibernate.type.BooleanType@7c2327fa
[DEBUG] 2019-10-16 03:18:40.098 [main] BasicTypeRegistry - Adding type registration java.lang.Boolean -> org.hibernate.type.BooleanType@7c2327fa
[DEBUG] 2019-10-16 03:18:40.098 [main] BasicTypeRegistry - Adding type registration numeric_boolean -> org.hibernate.type.NumericBooleanType@58065f0c
[DEBUG] 2019-10-16 03:18:40.100 [main] BasicTypeRegistry - Adding type registration true_false -> org.hibernate.type.TrueFalseType@726a6b94
[DEBUG] 2019-10-16 03:18:40.100 [main] BasicTypeRegistry - Adding type registration yes_no -> org.hibernate.type.YesNoType@1ee29c84
[DEBUG] 2019-10-16 03:18:40.101 [main] BasicTypeRegistry - Adding type registration byte -> org.hibernate.type.ByteType@d02f8d
[DEBUG] 2019-10-16 03:18:40.101 [main] BasicTypeRegistry - Adding type registration byte -> org.hibernate.type.ByteType@d02f8d
[DEBUG] 2019-10-16 03:18:40.103 [main] BasicTypeRegistry - Adding type registration java.lang.Byte -> org.hibernate.type.ByteType@d02f8d
[DEBUG] 2019-10-16 03:18:40.104 [main] BasicTypeRegistry - Adding type registration character -> org.hibernate.type.CharacterType@4463d9d3
[DEBUG] 2019-10-16 03:18:40.106 [main] BasicTypeRegistry - Adding type registration char -> org.hibernate.type.CharacterType@4463d9d3
[DEBUG] 2019-10-16 03:18:40.106 [main] BasicTypeRegistry - Adding type registration java.lang.Character -> org.hibernate.type.CharacterType@4463d9d3
[DEBUG] 2019-10-16 03:18:40.107 [main] BasicTypeRegistry - Adding type registration short -> org.hibernate.type.ShortType@4565a70a
[DEBUG] 2019-10-16 03:18:40.107 [main] BasicTypeRegistry - Adding type registration short -> org.hibernate.type.ShortType@4565a70a
[DEBUG] 2019-10-16 03:18:40.107 [main] BasicTypeRegistry - Adding type registration java.lang.Short -> org.hibernate.type.ShortType@4565a70a
[DEBUG] 2019-10-16 03:18:40.108 [main] BasicTypeRegistry - Adding type registration integer -> org.hibernate.type.IntegerType@6569dded
[DEBUG] 2019-10-16 03:18:40.108 [main] BasicTypeRegistry - Adding type registration int -> org.hibernate.type.IntegerType@6569dded
[DEBUG] 2019-10-16 03:18:40.108 [main] BasicTypeRegistry - Adding type registration java.lang.Integer -> org.hibernate.type.IntegerType@6569dded
[DEBUG] 2019-10-16 03:18:40.113 [main] BasicTypeRegistry - Adding type registration long -> org.hibernate.type.LongType@6d367020
[DEBUG] 2019-10-16 03:18:40.114 [main] BasicTypeRegistry - Adding type registration long -> org.hibernate.type.LongType@6d367020
[DEBUG] 2019-10-16 03:18:40.114 [main] BasicTypeRegistry - Adding type registration java.lang.Long -> org.hibernate.type.LongType@6d367020
[DEBUG] 2019-10-16 03:18:40.115 [main] BasicTypeRegistry - Adding type registration float -> org.hibernate.type.FloatType@72ba28ee
[DEBUG] 2019-10-16 03:18:40.115 [main] BasicTypeRegistry - Adding type registration float -> org.hibernate.type.FloatType@72ba28ee
[DEBUG] 2019-10-16 03:18:40.115 [main] BasicTypeRegistry - Adding type registration java.lang.Float -> org.hibernate.type.FloatType@72ba28ee
[DEBUG] 2019-10-16 03:18:40.116 [main] BasicTypeRegistry - Adding type registration double -> org.hibernate.type.DoubleType@c3fa05a
[DEBUG] 2019-10-16 03:18:40.116 [main] BasicTypeRegistry - Adding type registration double -> org.hibernate.type.DoubleType@c3fa05a
[DEBUG] 2019-10-16 03:18:40.118 [main] BasicTypeRegistry - Adding type registration java.lang.Double -> org.hibernate.type.DoubleType@c3fa05a
[DEBUG] 2019-10-16 03:18:40.119 [main] BasicTypeRegistry - Adding type registration big_decimal -> org.hibernate.type.BigDecimalType@6579c3d9
[DEBUG] 2019-10-16 03:18:40.120 [main] BasicTypeRegistry - Adding type registration java.math.BigDecimal -> org.hibernate.type.BigDecimalType@6579c3d9
[DEBUG] 2019-10-16 03:18:40.121 [main] BasicTypeRegistry - Adding type registration big_integer -> org.hibernate.type.BigIntegerType@75f2099
[DEBUG] 2019-10-16 03:18:40.121 [main] BasicTypeRegistry - Adding type registration java.math.BigInteger -> org.hibernate.type.BigIntegerType@75f2099
[DEBUG] 2019-10-16 03:18:40.122 [main] BasicTypeRegistry - Adding type registration string -> org.hibernate.type.StringType@6a84bc2a
[DEBUG] 2019-10-16 03:18:40.122 [main] BasicTypeRegistry - Adding type registration java.lang.String -> org.hibernate.type.StringType@6a84bc2a
[DEBUG] 2019-10-16 03:18:40.122 [main] BasicTypeRegistry - Adding type registration nstring -> org.hibernate.type.StringNVarcharType@27068a50
[DEBUG] 2019-10-16 03:18:40.123 [main] BasicTypeRegistry - Adding type registration ncharacter -> org.hibernate.type.CharacterNCharType@48bfb884
[DEBUG] 2019-10-16 03:18:40.124 [main] BasicTypeRegistry - Adding type registration url -> org.hibernate.type.UrlType@4525d1d3
[DEBUG] 2019-10-16 03:18:40.124 [main] BasicTypeRegistry - Adding type registration java.net.URL -> org.hibernate.type.UrlType@4525d1d3
[DEBUG] 2019-10-16 03:18:40.125 [main] BasicTypeRegistry - Adding type registration Duration -> org.hibernate.type.DurationType@773bd77b
[DEBUG] 2019-10-16 03:18:40.125 [main] BasicTypeRegistry - Adding type registration java.time.Duration -> org.hibernate.type.DurationType@773bd77b
[DEBUG] 2019-10-16 03:18:40.129 [main] BasicTypeRegistry - Adding type registration Instant -> org.hibernate.type.InstantType@71a3a190
[DEBUG] 2019-10-16 03:18:40.129 [main] BasicTypeRegistry - Adding type registration java.time.Instant -> org.hibernate.type.InstantType@71a3a190
[DEBUG] 2019-10-16 03:18:40.130 [main] BasicTypeRegistry - Adding type registration LocalDateTime -> org.hibernate.type.LocalDateTimeType@3703bf3c
[DEBUG] 2019-10-16 03:18:40.131 [main] BasicTypeRegistry - Adding type registration java.time.LocalDateTime -> org.hibernate.type.LocalDateTimeType@3703bf3c
[DEBUG] 2019-10-16 03:18:40.132 [main] BasicTypeRegistry - Adding type registration LocalDate -> org.hibernate.type.LocalDateType@3f36b447
[DEBUG] 2019-10-16 03:18:40.132 [main] BasicTypeRegistry - Adding type registration java.time.LocalDate -> org.hibernate.type.LocalDateType@3f36b447
[DEBUG] 2019-10-16 03:18:40.133 [main] BasicTypeRegistry - Adding type registration LocalTime -> org.hibernate.type.LocalTimeType@4bdcaf36
[DEBUG] 2019-10-16 03:18:40.133 [main] BasicTypeRegistry - Adding type registration java.time.LocalTime -> org.hibernate.type.LocalTimeType@4bdcaf36
[DEBUG] 2019-10-16 03:18:40.134 [main] BasicTypeRegistry - Adding type registration OffsetDateTime -> org.hibernate.type.OffsetDateTimeType@5d39f2d8
[DEBUG] 2019-10-16 03:18:40.134 [main] BasicTypeRegistry - Adding type registration java.time.OffsetDateTime -> org.hibernate.type.OffsetDateTimeType@5d39f2d8
[DEBUG] 2019-10-16 03:18:40.136 [main] BasicTypeRegistry - Adding type registration OffsetTime -> org.hibernate.type.OffsetTimeType@71c905a3
[DEBUG] 2019-10-16 03:18:40.136 [main] BasicTypeRegistry - Adding type registration java.time.OffsetTime -> org.hibernate.type.OffsetTimeType@71c905a3
[DEBUG] 2019-10-16 03:18:40.137 [main] BasicTypeRegistry - Adding type registration ZonedDateTime -> org.hibernate.type.ZonedDateTimeType@4bff2185
[DEBUG] 2019-10-16 03:18:40.137 [main] BasicTypeRegistry - Adding type registration java.time.ZonedDateTime -> org.hibernate.type.ZonedDateTimeType@4bff2185
[DEBUG] 2019-10-16 03:18:40.138 [main] BasicTypeRegistry - Adding type registration date -> org.hibernate.type.DateType@72ed9aad
[DEBUG] 2019-10-16 03:18:40.139 [main] BasicTypeRegistry - Adding type registration java.sql.Date -> org.hibernate.type.DateType@72ed9aad
[DEBUG] 2019-10-16 03:18:40.140 [main] BasicTypeRegistry - Adding type registration time -> org.hibernate.type.TimeType@6090f3ca
[DEBUG] 2019-10-16 03:18:40.140 [main] BasicTypeRegistry - Adding type registration java.sql.Time -> org.hibernate.type.TimeType@6090f3ca
[DEBUG] 2019-10-16 03:18:40.141 [main] BasicTypeRegistry - Adding type registration timestamp -> org.hibernate.type.TimestampType@21f9277b
[DEBUG] 2019-10-16 03:18:40.142 [main] BasicTypeRegistry - Adding type registration java.sql.Timestamp -> org.hibernate.type.TimestampType@21f9277b
[DEBUG] 2019-10-16 03:18:40.142 [main] BasicTypeRegistry - Adding type registration java.util.Date -> org.hibernate.type.TimestampType@21f9277b
[DEBUG] 2019-10-16 03:18:40.143 [main] BasicTypeRegistry - Adding type registration dbtimestamp -> org.hibernate.type.DbTimestampType@3a095ec0
[DEBUG] 2019-10-16 03:18:40.144 [main] BasicTypeRegistry - Adding type registration calendar -> org.hibernate.type.CalendarType@2fe88a09
[DEBUG] 2019-10-16 03:18:40.144 [main] BasicTypeRegistry - Adding type registration java.util.Calendar -> org.hibernate.type.CalendarType@2fe88a09
[DEBUG] 2019-10-16 03:18:40.145 [main] BasicTypeRegistry - Adding type registration java.util.GregorianCalendar -> org.hibernate.type.CalendarType@2fe88a09
[DEBUG] 2019-10-16 03:18:40.146 [main] BasicTypeRegistry - Adding type registration calendar_date -> org.hibernate.type.CalendarDateType@6079cf5
[DEBUG] 2019-10-16 03:18:40.147 [main] BasicTypeRegistry - Adding type registration locale -> org.hibernate.type.LocaleType@189b5fb1
[DEBUG] 2019-10-16 03:18:40.147 [main] BasicTypeRegistry - Adding type registration java.util.Locale -> org.hibernate.type.LocaleType@189b5fb1
[DEBUG] 2019-10-16 03:18:40.149 [main] BasicTypeRegistry - Adding type registration currency -> org.hibernate.type.CurrencyType@1c025cb
[DEBUG] 2019-10-16 03:18:40.154 [main] BasicTypeRegistry - Adding type registration java.util.Currency -> org.hibernate.type.CurrencyType@1c025cb
[DEBUG] 2019-10-16 03:18:40.155 [main] BasicTypeRegistry - Adding type registration timezone -> org.hibernate.type.TimeZoneType@512d4583
[DEBUG] 2019-10-16 03:18:40.155 [main] BasicTypeRegistry - Adding type registration java.util.TimeZone -> org.hibernate.type.TimeZoneType@512d4583
[DEBUG] 2019-10-16 03:18:40.156 [main] BasicTypeRegistry - Adding type registration class -> org.hibernate.type.ClassType@64f555e7
[DEBUG] 2019-10-16 03:18:40.156 [main] BasicTypeRegistry - Adding type registration java.lang.Class -> org.hibernate.type.ClassType@64f555e7
[DEBUG] 2019-10-16 03:18:40.158 [main] BasicTypeRegistry - Adding type registration uuid-binary -> org.hibernate.type.UUIDBinaryType@2687f956
[DEBUG] 2019-10-16 03:18:40.158 [main] BasicTypeRegistry - Adding type registration java.util.UUID -> org.hibernate.type.UUIDBinaryType@2687f956
[DEBUG] 2019-10-16 03:18:40.158 [main] BasicTypeRegistry - Adding type registration uuid-char -> org.hibernate.type.UUIDCharType@4650a407
[DEBUG] 2019-10-16 03:18:40.159 [main] BasicTypeRegistry - Adding type registration binary -> org.hibernate.type.BinaryType@245a060f
[DEBUG] 2019-10-16 03:18:40.159 [main] BasicTypeRegistry - Adding type registration byte[] -> org.hibernate.type.BinaryType@245a060f
[DEBUG] 2019-10-16 03:18:40.159 [main] BasicTypeRegistry - Adding type registration [B -> org.hibernate.type.BinaryType@245a060f
[DEBUG] 2019-10-16 03:18:40.160 [main] BasicTypeRegistry - Adding type registration wrapper-binary -> org.hibernate.type.WrapperBinaryType@21ab988f
[DEBUG] 2019-10-16 03:18:40.161 [main] BasicTypeRegistry - Adding type registration Byte[] -> org.hibernate.type.WrapperBinaryType@21ab988f
[DEBUG] 2019-10-16 03:18:40.161 [main] BasicTypeRegistry - Adding type registration [Ljava.lang.Byte; -> org.hibernate.type.WrapperBinaryType@21ab988f
[DEBUG] 2019-10-16 03:18:40.162 [main] BasicTypeRegistry - Adding type registration row_version -> org.hibernate.type.RowVersionType@13a37e2a
[DEBUG] 2019-10-16 03:18:40.162 [main] BasicTypeRegistry - Adding type registration image -> org.hibernate.type.ImageType@56de6d6b
[DEBUG] 2019-10-16 03:18:40.164 [main] BasicTypeRegistry - Adding type registration characters -> org.hibernate.type.CharArrayType@5ca1f591
[DEBUG] 2019-10-16 03:18:40.164 [main] BasicTypeRegistry - Adding type registration char[] -> org.hibernate.type.CharArrayType@5ca1f591
[DEBUG] 2019-10-16 03:18:40.164 [main] BasicTypeRegistry - Adding type registration [C -> org.hibernate.type.CharArrayType@5ca1f591
[DEBUG] 2019-10-16 03:18:40.165 [main] BasicTypeRegistry - Adding type registration wrapper-characters -> org.hibernate.type.CharacterArrayType@6a969fb8
[DEBUG] 2019-10-16 03:18:40.166 [main] BasicTypeRegistry - Adding type registration [Ljava.lang.Character; -> org.hibernate.type.CharacterArrayType@6a969fb8
[DEBUG] 2019-10-16 03:18:40.166 [main] BasicTypeRegistry - Adding type registration Character[] -> org.hibernate.type.CharacterArrayType@6a969fb8
[DEBUG] 2019-10-16 03:18:40.166 [main] BasicTypeRegistry - Adding type registration text -> org.hibernate.type.TextType@b558294
[DEBUG] 2019-10-16 03:18:40.166 [main] BasicTypeRegistry - Adding type registration ntext -> org.hibernate.type.NTextType@4c9e38
[DEBUG] 2019-10-16 03:18:40.167 [main] BasicTypeRegistry - Adding type registration blob -> org.hibernate.type.BlobType@160396db
[DEBUG] 2019-10-16 03:18:40.168 [main] BasicTypeRegistry - Adding type registration java.sql.Blob -> org.hibernate.type.BlobType@160396db
[DEBUG] 2019-10-16 03:18:40.168 [main] BasicTypeRegistry - Adding type registration materialized_blob -> org.hibernate.type.MaterializedBlobType@65cc8228
[DEBUG] 2019-10-16 03:18:40.169 [main] BasicTypeRegistry - Adding type registration clob -> org.hibernate.type.ClobType@aa10649
[DEBUG] 2019-10-16 03:18:40.172 [main] BasicTypeRegistry - Adding type registration java.sql.Clob -> org.hibernate.type.ClobType@aa10649
[DEBUG] 2019-10-16 03:18:40.174 [main] BasicTypeRegistry - Adding type registration nclob -> org.hibernate.type.NClobType@56da52a7
[DEBUG] 2019-10-16 03:18:40.174 [main] BasicTypeRegistry - Adding type registration java.sql.NClob -> org.hibernate.type.NClobType@56da52a7
[DEBUG] 2019-10-16 03:18:40.175 [main] BasicTypeRegistry - Adding type registration materialized_clob -> org.hibernate.type.MaterializedClobType@30404dba
[DEBUG] 2019-10-16 03:18:40.176 [main] BasicTypeRegistry - Adding type registration materialized_nclob -> org.hibernate.type.MaterializedNClobType@11841b15
[DEBUG] 2019-10-16 03:18:40.177 [main] BasicTypeRegistry - Adding type registration serializable -> org.hibernate.type.SerializableType@c446b14
[DEBUG] 2019-10-16 03:18:40.179 [main] BasicTypeRegistry - Adding type registration object -> org.hibernate.type.ObjectType@a7f0ab6
[DEBUG] 2019-10-16 03:18:40.180 [main] BasicTypeRegistry - Adding type registration java.lang.Object -> org.hibernate.type.ObjectType@a7f0ab6
[DEBUG] 2019-10-16 03:18:40.180 [main] BasicTypeRegistry - Adding type registration imm_date -> org.hibernate.type.AdaptedImmutableType@425d5d46
[DEBUG] 2019-10-16 03:18:40.181 [main] BasicTypeRegistry - Adding type registration imm_time -> org.hibernate.type.AdaptedImmutableType@198ef2ce
[DEBUG] 2019-10-16 03:18:40.185 [main] BasicTypeRegistry - Adding type registration imm_timestamp -> org.hibernate.type.AdaptedImmutableType@4cbd03e7
[DEBUG] 2019-10-16 03:18:40.185 [main] BasicTypeRegistry - Adding type registration imm_dbtimestamp -> org.hibernate.type.AdaptedImmutableType@52fc5eb1
[DEBUG] 2019-10-16 03:18:40.185 [main] BasicTypeRegistry - Adding type registration imm_calendar -> org.hibernate.type.AdaptedImmutableType@7a639ec5
[DEBUG] 2019-10-16 03:18:40.186 [main] BasicTypeRegistry - Adding type registration imm_calendar_date -> org.hibernate.type.AdaptedImmutableType@14151bc5
[DEBUG] 2019-10-16 03:18:40.186 [main] BasicTypeRegistry - Adding type registration imm_binary -> org.hibernate.type.AdaptedImmutableType@3013909b
[DEBUG] 2019-10-16 03:18:40.186 [main] BasicTypeRegistry - Adding type registration imm_serializable -> org.hibernate.type.AdaptedImmutableType@2a49fe
[DEBUG] 2019-10-16 03:18:40.243 [main] DefaultIdentifierGeneratorFactory - Registering IdentifierGenerator strategy [uuid2] -> [org.hibernate.id.UUIDGenerator]
[DEBUG] 2019-10-16 03:18:40.244 [main] DefaultIdentifierGeneratorFactory - Registering IdentifierGenerator strategy [guid] -> [org.hibernate.id.GUIDGenerator]
[DEBUG] 2019-10-16 03:18:40.245 [main] DefaultIdentifierGeneratorFactory - Registering IdentifierGenerator strategy [uuid] -> [org.hibernate.id.UUIDHexGenerator]
[DEBUG] 2019-10-16 03:18:40.245 [main] DefaultIdentifierGeneratorFactory - Registering IdentifierGenerator strategy [uuid.hex] -> [org.hibernate.id.UUIDHexGenerator]
[DEBUG] 2019-10-16 03:18:40.247 [main] DefaultIdentifierGeneratorFactory - Registering IdentifierGenerator strategy [assigned] -> [org.hibernate.id.Assigned]
[DEBUG] 2019-10-16 03:18:40.248 [main] DefaultIdentifierGeneratorFactory - Registering IdentifierGenerator strategy [identity] -> [org.hibernate.id.IdentityGenerator]
[DEBUG] 2019-10-16 03:18:40.249 [main] DefaultIdentifierGeneratorFactory - Registering IdentifierGenerator strategy [select] -> [org.hibernate.id.SelectGenerator]
[DEBUG] 2019-10-16 03:18:40.251 [main] DefaultIdentifierGeneratorFactory - Registering IdentifierGenerator strategy [sequence] -> [org.hibernate.id.enhanced.SequenceStyleGenerator]
[DEBUG] 2019-10-16 03:18:40.258 [main] DefaultIdentifierGeneratorFactory - Registering IdentifierGenerator strategy [seqhilo] -> [org.hibernate.id.SequenceHiLoGenerator]
[DEBUG] 2019-10-16 03:18:40.259 [main] DefaultIdentifierGeneratorFactory - Registering IdentifierGenerator strategy [increment] -> [org.hibernate.id.IncrementGenerator]
[DEBUG] 2019-10-16 03:18:40.260 [main] DefaultIdentifierGeneratorFactory - Registering IdentifierGenerator strategy [foreign] -> [org.hibernate.id.ForeignGenerator]
[DEBUG] 2019-10-16 03:18:40.261 [main] DefaultIdentifierGeneratorFactory - Registering IdentifierGenerator strategy [sequence-identity] -> [org.hibernate.id.SequenceIdentityGenerator]
[DEBUG] 2019-10-16 03:18:40.262 [main] DefaultIdentifierGeneratorFactory - Registering IdentifierGenerator strategy [enhanced-sequence] -> [org.hibernate.id.enhanced.SequenceStyleGenerator]
[DEBUG] 2019-10-16 03:18:40.263 [main] DefaultIdentifierGeneratorFactory - Registering IdentifierGenerator strategy [enhanced-table] -> [org.hibernate.id.enhanced.TableGenerator]
[INFO ] 2019-10-16 03:18:40.272 [main] C3P0ConnectionProvider - HHH010002: C3P0 using driver: com.mysql.cj.jdbc.Driver at URL: jdbc:mysql://localhost:3306/test_yugioh_card_db
[INFO ] 2019-10-16 03:18:40.273 [main] C3P0ConnectionProvider - HHH10001001: Connection properties: {password=****, user=root}
[INFO ] 2019-10-16 03:18:40.273 [main] C3P0ConnectionProvider - HHH10001003: Autocommit mode: false
[INFO ] 2019-10-16 03:18:40.509 [main] C3P0ConnectionProvider - HHH10001007: JDBC isolation level: <unknown>
[DEBUG] 2019-10-16 03:18:41.384 [main] JdbcEnvironmentInitiator - Database ->
       name : MySQL
    version : 8.0.17
      major : 8
      minor : 0
[DEBUG] 2019-10-16 03:18:41.384 [main] JdbcEnvironmentInitiator - Driver ->
       name : MySQL Connector/J
    version : mysql-connector-java-8.0.16 (Revision: 34cbc6bc61f72836e26327537a432d6db7c77de6)
      major : 8
      minor : 0
[DEBUG] 2019-10-16 03:18:41.384 [main] JdbcEnvironmentInitiator - JDBC version : 4.2
[INFO ] 2019-10-16 03:18:41.454 [main] Dialect - HHH000400: Using dialect: org.hibernate.dialect.MySQL8Dialect
[DEBUG] 2019-10-16 03:18:41.483 [main] IdentifierHelperBuilder - JDBC driver metadata reported database stores quoted identifiers in more than one case
[DEBUG] 2019-10-16 03:18:41.535 [main] IdentifierHelperBuilder - IdentifierCaseStrategy for both quoted and unquoted identifiers was set to the same strategy [MIXED]; that will likely lead to problems in schema update and validation if using quoted identifiers
[DEBUG] 2019-10-16 03:18:41.605 [main] Namespace - Created database namespace [logicalName=Name{catalog=null, schema=null}, physicalName=Name{catalog=null, schema=null}]
[DEBUG] 2019-10-16 03:18:41.611 [main] TypeConfiguration$Scope - Scoping TypeConfiguration [org.hibernate.type.spi.TypeConfiguration@249e0271] to MetadataBuildingContext [org.hibernate.boot.internal.MetadataBuildingContextRootImpl@4893b344]
[DEBUG] 2019-10-16 03:18:41.696 [main] AnnotationBinder - Binding entity from annotated class: entity.YugiohCard
[DEBUG] 2019-10-16 03:18:41.733 [main] Ejb3Column - Binding column: Ejb3DiscriminatorColumn{logicalColumnName'DTYPE', discriminatorTypeName='string'}
[DEBUG] 2019-10-16 03:18:41.737 [main] EntityBinder - Import with entity name YugiohCard
[DEBUG] 2019-10-16 03:18:41.747 [main] EntityBinder - Bind entity entity.YugiohCard on table yugioh_card
[DEBUG] 2019-10-16 03:18:41.788 [main] Ejb3Column - Binding column: Ejb3Column{table=org.hibernate.mapping.Table(yugioh_card), mappingColumn=id, insertable=true, updatable=true, unique=false}
[DEBUG] 2019-10-16 03:18:41.796 [main] PropertyBinder - MetadataSourceProcessor property id with lazy=false
[DEBUG] 2019-10-16 03:18:41.799 [main] AbstractPropertyHolder - Attempting to locate auto-apply AttributeConverter for property [entity.YugiohCard:id]
[DEBUG] 2019-10-16 03:18:41.803 [main] SimpleValueBinder - building SimpleValue for id
[DEBUG] 2019-10-16 03:18:41.807 [main] PropertyBinder - Building property id
[DEBUG] 2019-10-16 03:18:41.810 [main] BinderHelper - #makeIdGenerator(org.hibernate.mapping.SimpleValue([org.hibernate.mapping.Column(id)]), id, org.hibernate.id.enhanced.SequenceStyleGenerator, native, ...)
[DEBUG] 2019-10-16 03:18:41.817 [main] Ejb3Column - Binding column: Ejb3Column{table=org.hibernate.mapping.Table(yugioh_card), mappingColumn=card_name, insertable=true, updatable=true, unique=false}
[DEBUG] 2019-10-16 03:18:41.817 [main] PropertyBinder - MetadataSourceProcessor property cardName with lazy=false
[DEBUG] 2019-10-16 03:18:41.818 [main] AbstractPropertyHolder - Attempting to locate auto-apply AttributeConverter for property [entity.YugiohCard:cardName]
[DEBUG] 2019-10-16 03:18:41.818 [main] SimpleValueBinder - building SimpleValue for cardName
[DEBUG] 2019-10-16 03:18:41.818 [main] PropertyBinder - Building property cardName
[DEBUG] 2019-10-16 03:18:41.818 [main] Ejb3Column - Binding column: Ejb3Column{table=org.hibernate.mapping.Table(yugioh_card), mappingColumn=card_price, insertable=true, updatable=true, unique=false}
[DEBUG] 2019-10-16 03:18:41.818 [main] PropertyBinder - MetadataSourceProcessor property cardPrice with lazy=false
[DEBUG] 2019-10-16 03:18:41.818 [main] AbstractPropertyHolder - Attempting to locate auto-apply AttributeConverter for property [entity.YugiohCard:cardPrice]
[DEBUG] 2019-10-16 03:18:41.818 [main] SimpleValueBinder - building SimpleValue for cardPrice
[DEBUG] 2019-10-16 03:18:41.818 [main] PropertyBinder - Building property cardPrice
[DEBUG] 2019-10-16 03:18:41.818 [main] Ejb3Column - Binding column: Ejb3Column{table=org.hibernate.mapping.Table(yugioh_card), mappingColumn=card_quantity, insertable=true, updatable=true, unique=false}
[DEBUG] 2019-10-16 03:18:41.822 [main] PropertyBinder - MetadataSourceProcessor property cardQuantity with lazy=false
[DEBUG] 2019-10-16 03:18:41.824 [main] AbstractPropertyHolder - Attempting to locate auto-apply AttributeConverter for property [entity.YugiohCard:cardQuantity]
[DEBUG] 2019-10-16 03:18:41.824 [main] SimpleValueBinder - building SimpleValue for cardQuantity
[DEBUG] 2019-10-16 03:18:41.824 [main] PropertyBinder - Building property cardQuantity
[DEBUG] 2019-10-16 03:18:41.824 [main] Ejb3Column - Binding column: Ejb3Column{table=org.hibernate.mapping.Table(yugioh_card), mappingColumn=card_rarity, insertable=true, updatable=true, unique=false}
[DEBUG] 2019-10-16 03:18:41.824 [main] PropertyBinder - MetadataSourceProcessor property cardRarity with lazy=false
[DEBUG] 2019-10-16 03:18:41.824 [main] AbstractPropertyHolder - Attempting to locate auto-apply AttributeConverter for property [entity.YugiohCard:cardRarity]
[DEBUG] 2019-10-16 03:18:41.824 [main] SimpleValueBinder - building SimpleValue for cardRarity
[DEBUG] 2019-10-16 03:18:41.827 [main] PropertyBinder - Building property cardRarity
[DEBUG] 2019-10-16 03:18:41.827 [main] Ejb3Column - Binding column: Ejb3Column{table=org.hibernate.mapping.Table(yugioh_card), mappingColumn=card_set, insertable=true, updatable=true, unique=false}
[DEBUG] 2019-10-16 03:18:41.827 [main] PropertyBinder - MetadataSourceProcessor property cardSet with lazy=false
[DEBUG] 2019-10-16 03:18:41.827 [main] AbstractPropertyHolder - Attempting to locate auto-apply AttributeConverter for property [entity.YugiohCard:cardSet]
[DEBUG] 2019-10-16 03:18:41.828 [main] SimpleValueBinder - building SimpleValue for cardSet
[DEBUG] 2019-10-16 03:18:41.828 [main] PropertyBinder - Building property cardSet
[DEBUG] 2019-10-16 03:18:41.828 [main] Ejb3Column - Binding column: Ejb3Column{table=org.hibernate.mapping.Table(yugioh_card), mappingColumn=card_type, insertable=true, updatable=true, unique=false}
[DEBUG] 2019-10-16 03:18:41.828 [main] PropertyBinder - MetadataSourceProcessor property cardType with lazy=false
[DEBUG] 2019-10-16 03:18:41.828 [main] AbstractPropertyHolder - Attempting to locate auto-apply AttributeConverter for property [entity.YugiohCard:cardType]
[DEBUG] 2019-10-16 03:18:41.828 [main] SimpleValueBinder - building SimpleValue for cardType
[DEBUG] 2019-10-16 03:18:41.828 [main] PropertyBinder - Building property cardType
[DEBUG] 2019-10-16 03:18:41.832 [main] Ejb3Column - Binding column: Ejb3JoinColumn{logicalColumnName='null', referencedColumn='null', mappedBy='null'}
[DEBUG] 2019-10-16 03:18:41.832 [main] Ejb3Column - Binding column: Ejb3Column{table=org.hibernate.mapping.Table(yugioh_card), mappingColumn=collector, insertable=true, updatable=true, unique=false}
[DEBUG] 2019-10-16 03:18:41.838 [main] PropertyBinder - Building property collector
[DEBUG] 2019-10-16 03:18:41.840 [main] AnnotationBinder - Binding entity from annotated class: entity.Collector
[DEBUG] 2019-10-16 03:18:41.843 [main] Ejb3Column - Binding column: Ejb3DiscriminatorColumn{logicalColumnName'DTYPE', discriminatorTypeName='string'}
[DEBUG] 2019-10-16 03:18:41.843 [main] EntityBinder - Import with entity name Collector
[DEBUG] 2019-10-16 03:18:41.843 [main] EntityBinder - Bind entity entity.Collector on table collector
[DEBUG] 2019-10-16 03:18:41.852 [main] Ejb3Column - Binding column: Ejb3Column{table=org.hibernate.mapping.Table(collector), mappingColumn=id, insertable=true, updatable=true, unique=false}
[DEBUG] 2019-10-16 03:18:41.853 [main] PropertyBinder - MetadataSourceProcessor property id with lazy=false
[DEBUG] 2019-10-16 03:18:41.853 [main] AbstractPropertyHolder - Attempting to locate auto-apply AttributeConverter for property [entity.Collector:id]
[DEBUG] 2019-10-16 03:18:41.853 [main] SimpleValueBinder - building SimpleValue for id
[DEBUG] 2019-10-16 03:18:41.853 [main] PropertyBinder - Building property id
[DEBUG] 2019-10-16 03:18:41.853 [main] BinderHelper - #makeIdGenerator(org.hibernate.mapping.SimpleValue([org.hibernate.mapping.Column(id)]), id, org.hibernate.id.enhanced.SequenceStyleGenerator, native, ...)
[DEBUG] 2019-10-16 03:18:41.854 [main] Ejb3Column - Binding column: Ejb3JoinColumn{logicalColumnName='null', referencedColumn='null', mappedBy='collector'}
[DEBUG] 2019-10-16 03:18:41.854 [main] Ejb3Column - Binding column: Ejb3Column{table=org.hibernate.mapping.Table(collector), mappingColumn=cards, insertable=true, updatable=true, unique=false}
[DEBUG] 2019-10-16 03:18:41.856 [main] Ejb3Column - Binding column: Ejb3Column{table=org.hibernate.mapping.Table(collector), mappingColumn=null, insertable=true, updatable=true, unique=false}
[DEBUG] 2019-10-16 03:18:41.874 [main] Ejb3Column - Binding column: Ejb3Column{table=org.hibernate.mapping.Table(collector), mappingColumn=element, insertable=true, updatable=true, unique=false}
[DEBUG] 2019-10-16 03:18:41.874 [main] Ejb3Column - Binding column: Ejb3Column{table=org.hibernate.mapping.Table(collector), mappingColumn=cards_KEY, insertable=true, updatable=true, unique=false}
[DEBUG] 2019-10-16 03:18:41.875 [main] Ejb3Column - Binding column: Ejb3JoinColumn{logicalColumnName='cards_KEY', referencedColumn='null', mappedBy='null'}
[DEBUG] 2019-10-16 03:18:41.877 [main] Ejb3Column - Binding column: Ejb3JoinColumn{logicalColumnName='null', referencedColumn='null', mappedBy='collector'}
[DEBUG] 2019-10-16 03:18:41.877 [main] Ejb3Column - Binding column: Ejb3JoinColumn{logicalColumnName='null', referencedColumn='null', mappedBy='collector'}
[DEBUG] 2019-10-16 03:18:41.878 [main] CollectionBinder - Collection role: entity.Collector.cards
[DEBUG] 2019-10-16 03:18:41.879 [main] PropertyBinder - Building property cards
[DEBUG] 2019-10-16 03:18:41.880 [main] Ejb3Column - Binding column: Ejb3Column{table=org.hibernate.mapping.Table(collector), mappingColumn=user_password, insertable=true, updatable=true, unique=false}
[DEBUG] 2019-10-16 03:18:41.882 [main] PropertyBinder - MetadataSourceProcessor property password with lazy=false
[DEBUG] 2019-10-16 03:18:41.883 [main] AbstractPropertyHolder - Attempting to locate auto-apply AttributeConverter for property [entity.Collector:password]
[DEBUG] 2019-10-16 03:18:41.883 [main] SimpleValueBinder - building SimpleValue for password
[DEBUG] 2019-10-16 03:18:41.883 [main] PropertyBinder - Building property password
[DEBUG] 2019-10-16 03:18:41.885 [main] Ejb3Column - Binding column: Ejb3Column{table=org.hibernate.mapping.Table(collector), mappingColumn=user_name, insertable=true, updatable=true, unique=false}
[DEBUG] 2019-10-16 03:18:41.885 [main] PropertyBinder - MetadataSourceProcessor property userName with lazy=false
[DEBUG] 2019-10-16 03:18:41.886 [main] AbstractPropertyHolder - Attempting to locate auto-apply AttributeConverter for property [entity.Collector:userName]
[DEBUG] 2019-10-16 03:18:41.886 [main] SimpleValueBinder - building SimpleValue for userName
[DEBUG] 2019-10-16 03:18:41.886 [main] PropertyBinder - Building property userName
[DEBUG] 2019-10-16 03:18:41.889 [main] SimpleValueBinder - Starting fillSimpleValue for id
[DEBUG] 2019-10-16 03:18:41.893 [main] SimpleValueBinder - Starting fillSimpleValue for cardName
[DEBUG] 2019-10-16 03:18:41.894 [main] SimpleValueBinder - Starting fillSimpleValue for cardPrice
[DEBUG] 2019-10-16 03:18:41.894 [main] SimpleValueBinder - Starting fillSimpleValue for cardQuantity
[DEBUG] 2019-10-16 03:18:41.894 [main] SimpleValueBinder - Starting fillSimpleValue for cardRarity
[DEBUG] 2019-10-16 03:18:41.894 [main] SimpleValueBinder - Starting fillSimpleValue for cardSet
[DEBUG] 2019-10-16 03:18:41.894 [main] SimpleValueBinder - Starting fillSimpleValue for cardType
[DEBUG] 2019-10-16 03:18:41.894 [main] SimpleValueBinder - Starting fillSimpleValue for id
[DEBUG] 2019-10-16 03:18:41.894 [main] SimpleValueBinder - Starting fillSimpleValue for password
[DEBUG] 2019-10-16 03:18:41.894 [main] SimpleValueBinder - Starting fillSimpleValue for userName
[DEBUG] 2019-10-16 03:18:41.899 [main] PrimaryKey - Forcing column [id] to be non-null as it is part of the primary key for table [yugioh_card]
[DEBUG] 2019-10-16 03:18:41.899 [main] PrimaryKey - Forcing column [id] to be non-null as it is part of the primary key for table [collector]
[DEBUG] 2019-10-16 03:18:41.899 [main] CollectionSecondPass - Second pass for collection: entity.Collector.cards
[DEBUG] 2019-10-16 03:18:41.900 [main] CollectionBinder - Binding a OneToMany: entity.Collector.cards through a foreign key
[DEBUG] 2019-10-16 03:18:41.900 [main] CollectionBinder - Mapping collection: entity.Collector.cards -> yugioh_card
[DEBUG] 2019-10-16 03:18:41.903 [main] TableBinder - Retrieving property entity.YugiohCard.collector
[DEBUG] 2019-10-16 03:18:41.903 [main] CollectionSecondPass - Mapped collection key: collector_id, one-to-many: entity.YugiohCard
[DEBUG] 2019-10-16 03:18:41.905 [main] InFlightMetadataCollectorImpl - Resolving reference to class: entity.Collector
[DEBUG] 2019-10-16 03:18:41.911 [main] InFlightMetadataCollectorImpl - Resolving reference to class: entity.Collector
[DEBUG] 2019-10-16 03:18:41.954 [main] SessionFactoryImpl - Building session factory
[DEBUG] 2019-10-16 03:18:41.956 [main] Settings - SessionFactory name : null
[DEBUG] 2019-10-16 03:18:41.956 [main] Settings - Automatic flush during beforeCompletion(): enabled
[DEBUG] 2019-10-16 03:18:41.956 [main] Settings - Automatic session close at end of transaction: disabled
[DEBUG] 2019-10-16 03:18:41.956 [main] Settings - Statistics: disabled
[DEBUG] 2019-10-16 03:18:41.956 [main] Settings - Deleted entity synthetic identifier rollback: disabled
[DEBUG] 2019-10-16 03:18:41.956 [main] Settings - Default entity-mode: pojo
[DEBUG] 2019-10-16 03:18:41.956 [main] Settings - Check Nullability in Core (should be disabled when Bean Validation is on): enabled
[DEBUG] 2019-10-16 03:18:41.956 [main] Settings - Allow initialization of lazy state outside session : disabled
[DEBUG] 2019-10-16 03:18:41.956 [main] Settings - Using BatchFetchStyle : LEGACY
[DEBUG] 2019-10-16 03:18:41.957 [main] Settings - Default batch fetch size: -1
[DEBUG] 2019-10-16 03:18:41.958 [main] Settings - Maximum outer join fetch depth: 2
[DEBUG] 2019-10-16 03:18:41.959 [main] Settings - Default null ordering: NONE
[DEBUG] 2019-10-16 03:18:41.961 [main] Settings - Order SQL updates by primary key: disabled
[DEBUG] 2019-10-16 03:18:41.961 [main] Settings - Order SQL inserts for batching: disabled
[DEBUG] 2019-10-16 03:18:41.961 [main] Settings - multi-tenancy strategy : NONE
[DEBUG] 2019-10-16 03:18:41.961 [main] Settings - JTA Track by Thread: enabled
[DEBUG] 2019-10-16 03:18:41.961 [main] Settings - Query language substitutions: {}
[DEBUG] 2019-10-16 03:18:41.961 [main] Settings - Named query checking : enabled
[DEBUG] 2019-10-16 03:18:41.961 [main] Settings - Second-level cache: disabled
[DEBUG] 2019-10-16 03:18:41.961 [main] Settings - Second-level query cache: disabled
[DEBUG] 2019-10-16 03:18:41.961 [main] Settings - Second-level query cache factory: null
[DEBUG] 2019-10-16 03:18:41.961 [main] Settings - Second-level cache region prefix: null
[DEBUG] 2019-10-16 03:18:41.961 [main] Settings - Optimize second-level cache for minimal puts: disabled
[DEBUG] 2019-10-16 03:18:41.961 [main] Settings - Structured second-level cache entries: disabled
[DEBUG] 2019-10-16 03:18:41.961 [main] Settings - Second-level cache direct-reference entries: disabled
[DEBUG] 2019-10-16 03:18:41.961 [main] Settings - Automatic eviction of collection cache: disabled
[DEBUG] 2019-10-16 03:18:41.961 [main] Settings - JDBC batch size: 15
[DEBUG] 2019-10-16 03:18:41.963 [main] Settings - JDBC batch updates for versioned data: enabled
[DEBUG] 2019-10-16 03:18:41.964 [main] Settings - Scrollable result sets: enabled
[DEBUG] 2019-10-16 03:18:41.964 [main] Settings - Wrap result sets: disabled
[DEBUG] 2019-10-16 03:18:41.964 [main] Settings - JDBC3 getGeneratedKeys(): enabled
[DEBUG] 2019-10-16 03:18:41.964 [main] Settings - JDBC result set fetch size: null
[DEBUG] 2019-10-16 03:18:41.964 [main] Settings - Connection release mode: AFTER_TRANSACTION
[DEBUG] 2019-10-16 03:18:41.964 [main] Settings - Generate SQL with comments: disabled
[DEBUG] 2019-10-16 03:18:41.964 [main] Settings - JPA compliance - query : 
[DEBUG] 2019-10-16 03:18:41.965 [main] Settings - JPA compliance - closed-handling : 
[DEBUG] 2019-10-16 03:18:41.965 [main] Settings - JPA compliance - lists : 
[DEBUG] 2019-10-16 03:18:41.965 [main] Settings - JPA compliance - transactions : 
[INFO ] 2019-10-16 03:18:42.048 [main] beans - HHH10005002: No explicit CDI BeanManager reference was passed to Hibernate, but CDI is available on the Hibernate ClassLoader.
[DEBUG] 2019-10-16 03:18:42.079 [main] SessionFactoryImpl - Session factory constructed with filter configurations : {}
[DEBUG] 2019-10-16 03:18:42.086 [main] SessionFactoryImpl - Instantiating session factory with properties: {sun.desktop=gnome, awt.toolkit=sun.awt.X11.XToolkit, java.specification.version=11, sun.cpu.isalist=, hibernate.c3p0.idle_test_period=3000, sun.jnu.encoding=UTF-8, hibernate.c3p0.min_size=5, java.class.path=/home/student/intellij/lib/idea_rt.jar:/home/student/intellij/plugins/junit/lib/junit-rt.jar:/home/student/intellij/plugins/junit/lib/junit5-rt.jar:/home/student/IdeaProjects/indieProjectDemo/target/test-classes:/home/student/IdeaProjects/indieProjectDemo/target/classes:/home/student/.m2/repository/org/junit/platform/junit-platform-runner/1.0.0/junit-platform-runner-1.0.0.jar:/home/student/.m2/repository/org/apiguardian/apiguardian-api/1.0.0/apiguardian-api-1.0.0.jar:/home/student/.m2/repository/org/junit/platform/junit-platform-launcher/1.0.0/junit-platform-launcher-1.0.0.jar:/home/student/.m2/repository/org/junit/platform/junit-platform-suite-api/1.0.0/junit-platform-suite-api-1.0.0.jar:/home/student/.m2/repository/org/junit/platform/junit-platform-commons/1.0.0/junit-platform-commons-1.0.0.jar:/home/student/.m2/repository/org/junit/vintage/junit-vintage-engine/4.12.0/junit-vintage-engine-4.12.0.jar:/home/student/.m2/repository/org/junit/platform/junit-platform-engine/1.0.0/junit-platform-engine-1.0.0.jar:/home/student/.m2/repository/org/opentest4j/opentest4j/1.0.0/opentest4j-1.0.0.jar:/home/student/.m2/repository/org/junit/jupiter/junit-jupiter-engine/5.0.0/junit-jupiter-engine-5.0.0.jar:/home/student/.m2/repository/org/junit/jupiter/junit-jupiter-api/5.0.0/junit-jupiter-api-5.0.0.jar:/home/student/.m2/repository/junit/junit/4.12/junit-4.12.jar:/home/student/.m2/repository/org/hamcrest/hamcrest-core/1.3/hamcrest-core-1.3.jar:/home/student/.m2/repository/javax/javaee-web-api/7.0/javaee-web-api-7.0.jar:/home/student/.m2/repository/mysql/mysql-connector-java/8.0.16/mysql-connector-java-8.0.16.jar:/home/student/.m2/repository/com/google/protobuf/protobuf-java/3.6.1/protobuf-java-3.6.1.jar:/home/student/.m2/repository/jstl/jstl/1.2/jstl-1.2.jar:/home/student/.m2/repository/org/apache/logging/log4j/log4j-api/2.10.0/log4j-api-2.10.0.jar:/home/student/.m2/repository/org/apache/logging/log4j/log4j-core/2.10.0/log4j-core-2.10.0.jar:/home/student/.m2/repository/commons-fileupload/commons-fileupload/1.3.3/commons-fileupload-1.3.3.jar:/home/student/.m2/repository/commons-io/commons-io/2.6/commons-io-2.6.jar:/home/student/.m2/repository/org/hibernate/hibernate-core/5.4.4.Final/hibernate-core-5.4.4.Final.jar:/home/student/.m2/repository/org/jboss/logging/jboss-logging/3.3.2.Final/jboss-logging-3.3.2.Final.jar:/home/student/.m2/repository/javax/persistence/javax.persistence-api/2.2/javax.persistence-api-2.2.jar:/home/student/.m2/repository/org/javassist/javassist/3.24.0-GA/javassist-3.24.0-GA.jar:/home/student/.m2/repository/net/bytebuddy/byte-buddy/1.9.11/byte-buddy-1.9.11.jar:/home/student/.m2/repository/antlr/antlr/2.7.7/antlr-2.7.7.jar:/home/student/.m2/repository/org/jboss/spec/javax/transaction/jboss-transaction-api_1.2_spec/1.1.1.Final/jboss-transaction-api_1.2_spec-1.1.1.Final.jar:/home/student/.m2/repository/org/jboss/jandex/2.0.5.Final/jandex-2.0.5.Final.jar:/home/student/.m2/repository/com/fasterxml/classmate/1.3.4/classmate-1.3.4.jar:/home/student/.m2/repository/javax/activation/javax.activation-api/1.2.0/javax.activation-api-1.2.0.jar:/home/student/.m2/repository/org/dom4j/dom4j/2.1.1/dom4j-2.1.1.jar:/home/student/.m2/repository/org/hibernate/common/hibernate-commons-annotations/5.1.0.Final/hibernate-commons-annotations-5.1.0.Final.jar:/home/student/.m2/repository/javax/xml/bind/jaxb-api/2.3.1/jaxb-api-2.3.1.jar:/home/student/.m2/repository/org/glassfish/jaxb/jaxb-runtime/2.3.1/jaxb-runtime-2.3.1.jar:/home/student/.m2/repository/org/glassfish/jaxb/txw2/2.3.1/txw2-2.3.1.jar:/home/student/.m2/repository/com/sun/istack/istack-commons-runtime/3.0.7/istack-commons-runtime-3.0.7.jar:/home/student/.m2/repository/org/jvnet/staxex/stax-ex/1.8/stax-ex-1.8.jar:/home/student/.m2/repository/com/sun/xml/fastinfoset/FastInfoset/1.2.15/FastInfoset-1.2.15.jar:/home/student/.m2/repository/org/hibernate/hibernate-c3p0/5.4.4.Final/hibernate-c3p0-5.4.4.Final.jar:/home/student/.m2/repository/com/mchange/c3p0/0.9.5.3/c3p0-0.9.5.3.jar:/home/student/.m2/repository/com/mchange/mchange-commons-java/0.2.15/mchange-commons-java-0.2.15.jar, java.vm.vendor=Ubuntu, sun.arch.data.model=64, idea.test.cyclic.buffer.size=1048576, java.vendor.url=https://ubuntu.com/, user.timezone=America/Chicago, os.name=Linux, java.vm.specification.version=11, sun.java.launcher=SUN_STANDARD, user.country=US, sun.boot.library.path=/usr/lib/jvm/java-11-openjdk-amd64/lib, sun.java.command=com.intellij.rt.execution.junit.JUnitStarter -ideVersion5 -junit5 persistence.YugiohCardDaoTest,getByCardId, jdk.debug=release, sun.cpu.endian=little, user.home=/home/student, hibernate.c3p0.max_statements=50, user.language=en, java.specification.vendor=Oracle Corporation, java.version.date=2019-07-16, java.home=/usr/lib/jvm/java-11-openjdk-amd64, file.separator=/, java.vm.compressedOopsMode=32-bit, line.separator=
, hibernate.c3p0.timeout=300, java.specification.name=Java Platform API Specification, java.vm.specification.vendor=Oracle Corporation, java.awt.graphicsenv=sun.awt.X11GraphicsEnvironment, connection.password=student, sun.management.compiler=HotSpot 64-Bit Tiered Compilers, hibernate.c3p0.max_size=20, java.runtime.version=11.0.4+11-post-Ubuntu-1ubuntu218.04.3, user.name=student, path.separator=:, hibernate.connection.username=****, os.version=5.0.0-31-generic, java.runtime.name=OpenJDK Runtime Environment, hibernate.connection.url=jdbc:mysql://localhost:3306/test_yugioh_card_db, file.encoding=UTF-8, java.vm.name=OpenJDK 64-Bit Server VM, hibernate.connection.driver_class=com.mysql.cj.jdbc.Driver, java.vendor.url.bug=https://bugs.launchpad.net/ubuntu/+source/openjdk-lts, java.io.tmpdir=/tmp, java.version=11.0.4, user.dir=/home/student/IdeaProjects/indieProjectDemo, os.arch=amd64, connection.username=root, java.vm.specification.name=Java Virtual Machine Specification, java.awt.printerjob=sun.print.PSPrinterJob, hibernate.connection.password=****, sun.os.patch.level=unknown, connection.driver_class=com.mysql.cj.jdbc.Driver, hibernate.boot.CfgXmlAccessService.key=org.hibernate.boot.cfgxml.spi.LoadedConfig@5399f6c5, java.library.path=/usr/java/packages/lib:/usr/lib/x86_64-linux-gnu/jni:/lib/x86_64-linux-gnu:/usr/lib/x86_64-linux-gnu:/usr/lib/jni:/lib:/usr/lib, java.vendor=Ubuntu, java.vm.info=mixed mode, sharing, java.vm.version=11.0.4+11-post-Ubuntu-1ubuntu218.04.3, hibernate.bytecode.use_reflection_optimizer=false, sun.io.unicode.encoding=UnicodeLittle, connection.url=jdbc:mysql://localhost:3306/test_yugioh_card_db, java.class.version=55.0}
[DEBUG] 2019-10-16 03:18:42.109 [main] TypeSafeActivator - Unable to acquire Bean Validation ValidatorFactory, skipping activation
[DEBUG] 2019-10-16 03:18:42.109 [main] JaccIntegrator - Skipping JACC integration as it was not enabled
[DEBUG] 2019-10-16 03:18:42.114 [main] SessionFactoryImpl - Instantiated session factory
[DEBUG] 2019-10-16 03:18:42.114 [main] TypeConfiguration$Scope - Scoping TypeConfiguration [org.hibernate.type.spi.TypeConfiguration@249e0271] to SessionFactoryImpl [org.hibernate.internal.SessionFactoryImpl@593a6726]
[DEBUG] 2019-10-16 03:18:42.275 [main] ClassLoaderAccessImpl - Not known whether passed class name [entity.Collector] is safe
[DEBUG] 2019-10-16 03:18:42.278 [main] ClassLoaderAccessImpl - No temp ClassLoader provided; using live ClassLoader for loading potentially unsafe class : entity.Collector
[DEBUG] 2019-10-16 03:18:42.306 [main] ClassLoaderAccessImpl - Not known whether passed class name [entity.Collector] is safe
[DEBUG] 2019-10-16 03:18:42.306 [main] ClassLoaderAccessImpl - No temp ClassLoader provided; using live ClassLoader for loading potentially unsafe class : entity.Collector
[DEBUG] 2019-10-16 03:18:42.520 [main] ClassLoaderAccessImpl - Not known whether passed class name [entity.YugiohCard] is safe
[DEBUG] 2019-10-16 03:18:42.520 [main] ClassLoaderAccessImpl - No temp ClassLoader provided; using live ClassLoader for loading potentially unsafe class : entity.YugiohCard
[DEBUG] 2019-10-16 03:18:42.521 [main] ClassLoaderAccessImpl - Not known whether passed class name [entity.YugiohCard] is safe
[DEBUG] 2019-10-16 03:18:42.521 [main] ClassLoaderAccessImpl - No temp ClassLoader provided; using live ClassLoader for loading potentially unsafe class : entity.YugiohCard
[DEBUG] 2019-10-16 03:18:42.602 [main] AbstractCollectionPersister - Static SQL for collection: entity.Collector.cards
[DEBUG] 2019-10-16 03:18:42.602 [main] AbstractCollectionPersister -  Row insert: update yugioh_card set collector_id=? where id=?
[DEBUG] 2019-10-16 03:18:42.602 [main] AbstractCollectionPersister -  Row update: update yugioh_card set  where id=?
[DEBUG] 2019-10-16 03:18:42.602 [main] AbstractCollectionPersister -  Row delete: update yugioh_card set collector_id=null where collector_id=? and id=?
[DEBUG] 2019-10-16 03:18:42.602 [main] AbstractCollectionPersister -  One-shot delete: update yugioh_card set collector_id=null where collector_id=?
[DEBUG] 2019-10-16 03:18:42.606 [main] AbstractEntityPersister - Static SQL for entity: entity.Collector
[DEBUG] 2019-10-16 03:18:42.607 [main] AbstractEntityPersister -  Version select: select id from collector where id =?
[DEBUG] 2019-10-16 03:18:42.607 [main] AbstractEntityPersister -  Snapshot select: select collector_.id, collector_.user_password as user_pas2_0_, collector_.user_name as user_nam3_0_ from collector collector_ where collector_.id=?
[DEBUG] 2019-10-16 03:18:42.607 [main] AbstractEntityPersister -  Insert 0: insert into collector (user_password, user_name, id) values (?, ?, ?)
[DEBUG] 2019-10-16 03:18:42.607 [main] AbstractEntityPersister -  Update 0: update collector set user_password=?, user_name=? where id=?
[DEBUG] 2019-10-16 03:18:42.607 [main] AbstractEntityPersister -  Delete 0: delete from collector where id=?
[DEBUG] 2019-10-16 03:18:42.607 [main] AbstractEntityPersister -  Identity insert: insert into collector (user_password, user_name) values (?, ?)
[DEBUG] 2019-10-16 03:18:42.637 [main] QuerySpacesImpl - Adding QuerySpace : uid = <gen:0> -> org.hibernate.loader.plan.build.internal.spaces.EntityQuerySpaceImpl@6042d663]
[DEBUG] 2019-10-16 03:18:42.644 [main] MetamodelGraphWalker - Visiting attribute path : cards
[DEBUG] 2019-10-16 03:18:42.647 [main] QuerySpacesImpl - Adding QuerySpace : uid = <gen:1> -> org.hibernate.loader.plan.build.internal.spaces.CollectionQuerySpaceImpl@78307a56]
[DEBUG] 2019-10-16 03:18:42.654 [main] QuerySpacesImpl - Adding QuerySpace : uid = <gen:2> -> org.hibernate.loader.plan.build.internal.spaces.EntityQuerySpaceImpl@4e3f2908]
[DEBUG] 2019-10-16 03:18:42.655 [main] MetamodelGraphWalker - Visiting attribute path : cards.cardName
[DEBUG] 2019-10-16 03:18:42.655 [main] MetamodelGraphWalker - Visiting attribute path : cards.cardPrice
[DEBUG] 2019-10-16 03:18:42.655 [main] MetamodelGraphWalker - Visiting attribute path : cards.cardQuantity
[DEBUG] 2019-10-16 03:18:42.655 [main] MetamodelGraphWalker - Visiting attribute path : cards.cardRarity
[DEBUG] 2019-10-16 03:18:42.655 [main] MetamodelGraphWalker - Visiting attribute path : cards.cardSet
[DEBUG] 2019-10-16 03:18:42.655 [main] MetamodelGraphWalker - Visiting attribute path : cards.cardType
[DEBUG] 2019-10-16 03:18:42.655 [main] MetamodelGraphWalker - Visiting attribute path : cards.collector
[DEBUG] 2019-10-16 03:18:42.655 [main] MetamodelGraphWalker - Property path deemed to be circular : cards.collector
[DEBUG] 2019-10-16 03:18:42.659 [main] MetamodelGraphWalker - Visiting attribute path : password
[DEBUG] 2019-10-16 03:18:42.659 [main] MetamodelGraphWalker - Visiting attribute path : userName
[DEBUG] 2019-10-16 03:18:42.660 [main] FetchStyleLoadPlanBuildingAssociationVisitationStrategy - Building LoadPlan...
[DEBUG] 2019-10-16 03:18:42.682 [main] LoadQueryJoinAndFetchProcessor - processing queryspace <gen:0>
[DEBUG] 2019-10-16 03:18:42.694 [main] LoadPlanTreePrinter - LoadPlan(entity=entity.Collector)
    - Returns
       - EntityReturnImpl(entity=entity.Collector, querySpaceUid=<gen:0>, path=entity.Collector)
          - CollectionAttributeFetchImpl(collection=entity.Collector.cards, querySpaceUid=<gen:1>, path=entity.Collector.cards)
             - (collection element) CollectionFetchableElementEntityGraph(entity=entity.YugiohCard, querySpaceUid=<gen:2>, path=entity.Collector.cards.<elements>)
    - QuerySpaces
       - EntityQuerySpaceImpl(uid=<gen:0>, entity=entity.Collector)
          - SQL table alias mapping - collector0_
          - alias suffix - 0_
          - suffixed key columns - {id1_0_0_}
          - JOIN (JoinDefinedByMetadata(cards)) : <gen:0> -> <gen:1>
             - CollectionQuerySpaceImpl(uid=<gen:1>, collection=entity.Collector.cards)
                - SQL table alias mapping - cards1_
                - alias suffix - 1_
                - suffixed key columns - {collecto8_1_1_}
                - entity-element alias suffix - 2_
                - 2_entity-element suffixed key columns - id1_1_2_
                - JOIN (JoinDefinedByMetadata(elements)) : <gen:1> -> <gen:2>
                   - EntityQuerySpaceImpl(uid=<gen:2>, entity=entity.YugiohCard)
                      - SQL table alias mapping - cards1_
                      - alias suffix - 2_
                      - suffixed key columns - {id1_1_2_}

[DEBUG] 2019-10-16 03:18:42.695 [main] EntityLoader - Static select for entity entity.Collector [NONE]: select collector0_.id as id1_0_0_, collector0_.user_password as user_pas2_0_0_, collector0_.user_name as user_nam3_0_0_, cards1_.collector_id as collecto8_1_1_, cards1_.id as id1_1_1_, cards1_.id as id1_1_2_, cards1_.card_name as card_nam2_1_2_, cards1_.card_price as card_pri3_1_2_, cards1_.card_quantity as card_qua4_1_2_, cards1_.card_rarity as card_rar5_1_2_, cards1_.card_set as card_set6_1_2_, cards1_.card_type as card_typ7_1_2_, cards1_.collector_id as collecto8_1_2_ from collector collector0_ left outer join yugioh_card cards1_ on collector0_.id=cards1_.collector_id where collector0_.id=?
[DEBUG] 2019-10-16 03:18:42.696 [main] QuerySpacesImpl - Adding QuerySpace : uid = <gen:0> -> org.hibernate.loader.plan.build.internal.spaces.EntityQuerySpaceImpl@f2276c9]
[DEBUG] 2019-10-16 03:18:42.696 [main] MetamodelGraphWalker - Visiting attribute path : cards
[DEBUG] 2019-10-16 03:18:42.697 [main] QuerySpacesImpl - Adding QuerySpace : uid = <gen:1> -> org.hibernate.loader.plan.build.internal.spaces.CollectionQuerySpaceImpl@62b475e2]
[DEBUG] 2019-10-16 03:18:42.697 [main] QuerySpacesImpl - Adding QuerySpace : uid = <gen:2> -> org.hibernate.loader.plan.build.internal.spaces.EntityQuerySpaceImpl@e9474f]
[DEBUG] 2019-10-16 03:18:42.697 [main] MetamodelGraphWalker - Visiting attribute path : cards.cardName
[DEBUG] 2019-10-16 03:18:42.697 [main] MetamodelGraphWalker - Visiting attribute path : cards.cardPrice
[DEBUG] 2019-10-16 03:18:42.697 [main] MetamodelGraphWalker - Visiting attribute path : cards.cardQuantity
[DEBUG] 2019-10-16 03:18:42.697 [main] MetamodelGraphWalker - Visiting attribute path : cards.cardRarity
[DEBUG] 2019-10-16 03:18:42.697 [main] MetamodelGraphWalker - Visiting attribute path : cards.cardSet
[DEBUG] 2019-10-16 03:18:42.697 [main] MetamodelGraphWalker - Visiting attribute path : cards.cardType
[DEBUG] 2019-10-16 03:18:42.697 [main] MetamodelGraphWalker - Visiting attribute path : cards.collector
[DEBUG] 2019-10-16 03:18:42.698 [main] MetamodelGraphWalker - Property path deemed to be circular : cards.collector
[DEBUG] 2019-10-16 03:18:42.698 [main] MetamodelGraphWalker - Visiting attribute path : password
[DEBUG] 2019-10-16 03:18:42.698 [main] MetamodelGraphWalker - Visiting attribute path : userName
[DEBUG] 2019-10-16 03:18:42.699 [main] FetchStyleLoadPlanBuildingAssociationVisitationStrategy - Building LoadPlan...
[DEBUG] 2019-10-16 03:18:42.699 [main] LoadQueryJoinAndFetchProcessor - processing queryspace <gen:0>
[DEBUG] 2019-10-16 03:18:42.701 [main] LoadPlanTreePrinter - LoadPlan(entity=entity.Collector)
    - Returns
       - EntityReturnImpl(entity=entity.Collector, querySpaceUid=<gen:0>, path=entity.Collector)
          - CollectionAttributeFetchImpl(collection=entity.Collector.cards, querySpaceUid=<gen:1>, path=entity.Collector.cards)
             - (collection element) CollectionFetchableElementEntityGraph(entity=entity.YugiohCard, querySpaceUid=<gen:2>, path=entity.Collector.cards.<elements>)
    - QuerySpaces
       - EntityQuerySpaceImpl(uid=<gen:0>, entity=entity.Collector)
          - SQL table alias mapping - collector0_
          - alias suffix - 0_
          - suffixed key columns - {id1_0_0_}
          - JOIN (JoinDefinedByMetadata(cards)) : <gen:0> -> <gen:1>
             - CollectionQuerySpaceImpl(uid=<gen:1>, collection=entity.Collector.cards)
                - SQL table alias mapping - cards1_
                - alias suffix - 1_
                - suffixed key columns - {collecto8_1_1_}
                - entity-element alias suffix - 2_
                - 2_entity-element suffixed key columns - id1_1_2_
                - JOIN (JoinDefinedByMetadata(elements)) : <gen:1> -> <gen:2>
                   - EntityQuerySpaceImpl(uid=<gen:2>, entity=entity.YugiohCard)
                      - SQL table alias mapping - cards1_
                      - alias suffix - 2_
                      - suffixed key columns - {id1_1_2_}

[DEBUG] 2019-10-16 03:18:42.702 [main] EntityLoader - Static select for entity entity.Collector [READ]: select collector0_.id as id1_0_0_, collector0_.user_password as user_pas2_0_0_, collector0_.user_name as user_nam3_0_0_, cards1_.collector_id as collecto8_1_1_, cards1_.id as id1_1_1_, cards1_.id as id1_1_2_, cards1_.card_name as card_nam2_1_2_, cards1_.card_price as card_pri3_1_2_, cards1_.card_quantity as card_qua4_1_2_, cards1_.card_rarity as card_rar5_1_2_, cards1_.card_set as card_set6_1_2_, cards1_.card_type as card_typ7_1_2_, cards1_.collector_id as collecto8_1_2_ from collector collector0_ left outer join yugioh_card cards1_ on collector0_.id=cards1_.collector_id where collector0_.id=?
[DEBUG] 2019-10-16 03:18:42.722 [main] Loader - Static select for action ACTION_MERGE on entity entity.Collector: select collector0_.id as id1_0_1_, collector0_.user_password as user_pas2_0_1_, collector0_.user_name as user_nam3_0_1_, cards1_.collector_id as collecto8_1_3_, cards1_.id as id1_1_3_, cards1_.id as id1_1_0_, cards1_.card_name as card_nam2_1_0_, cards1_.card_price as card_pri3_1_0_, cards1_.card_quantity as card_qua4_1_0_, cards1_.card_rarity as card_rar5_1_0_, cards1_.card_set as card_set6_1_0_, cards1_.card_type as card_typ7_1_0_, cards1_.collector_id as collecto8_1_0_ from collector collector0_ left outer join yugioh_card cards1_ on collector0_.id=cards1_.collector_id where collector0_.id=?
[DEBUG] 2019-10-16 03:18:42.724 [main] Loader - Static select for action ACTION_REFRESH on entity entity.Collector: select collector0_.id as id1_0_1_, collector0_.user_password as user_pas2_0_1_, collector0_.user_name as user_nam3_0_1_, cards1_.collector_id as collecto8_1_3_, cards1_.id as id1_1_3_, cards1_.id as id1_1_0_, cards1_.card_name as card_nam2_1_0_, cards1_.card_price as card_pri3_1_0_, cards1_.card_quantity as card_qua4_1_0_, cards1_.card_rarity as card_rar5_1_0_, cards1_.card_set as card_set6_1_0_, cards1_.card_type as card_typ7_1_0_, cards1_.collector_id as collecto8_1_0_ from collector collector0_ left outer join yugioh_card cards1_ on collector0_.id=cards1_.collector_id where collector0_.id=?
[DEBUG] 2019-10-16 03:18:42.724 [main] AbstractEntityPersister - Static SQL for entity: entity.YugiohCard
[DEBUG] 2019-10-16 03:18:42.724 [main] AbstractEntityPersister -  Version select: select id from yugioh_card where id =?
[DEBUG] 2019-10-16 03:18:42.724 [main] AbstractEntityPersister -  Snapshot select: select yugiohcard_.id, yugiohcard_.card_name as card_nam2_1_, yugiohcard_.card_price as card_pri3_1_, yugiohcard_.card_quantity as card_qua4_1_, yugiohcard_.card_rarity as card_rar5_1_, yugiohcard_.card_set as card_set6_1_, yugiohcard_.card_type as card_typ7_1_, yugiohcard_.collector_id as collecto8_1_ from yugioh_card yugiohcard_ where yugiohcard_.id=?
[DEBUG] 2019-10-16 03:18:42.725 [main] AbstractEntityPersister -  Insert 0: insert into yugioh_card (card_name, card_price, card_quantity, card_rarity, card_set, card_type, collector_id, id) values (?, ?, ?, ?, ?, ?, ?, ?)
[DEBUG] 2019-10-16 03:18:42.725 [main] AbstractEntityPersister -  Update 0: update yugioh_card set card_name=?, card_price=?, card_quantity=?, card_rarity=?, card_set=?, card_type=?, collector_id=? where id=?
[DEBUG] 2019-10-16 03:18:42.725 [main] AbstractEntityPersister -  Delete 0: delete from yugioh_card where id=?
[DEBUG] 2019-10-16 03:18:42.725 [main] AbstractEntityPersister -  Identity insert: insert into yugioh_card (card_name, card_price, card_quantity, card_rarity, card_set, card_type, collector_id) values (?, ?, ?, ?, ?, ?, ?)
[DEBUG] 2019-10-16 03:18:42.730 [main] QuerySpacesImpl - Adding QuerySpace : uid = <gen:0> -> org.hibernate.loader.plan.build.internal.spaces.EntityQuerySpaceImpl@310b2b6f]
[DEBUG] 2019-10-16 03:18:42.730 [main] MetamodelGraphWalker - Visiting attribute path : cardName
[DEBUG] 2019-10-16 03:18:42.730 [main] MetamodelGraphWalker - Visiting attribute path : cardPrice
[DEBUG] 2019-10-16 03:18:42.730 [main] MetamodelGraphWalker - Visiting attribute path : cardQuantity
[DEBUG] 2019-10-16 03:18:42.730 [main] MetamodelGraphWalker - Visiting attribute path : cardRarity
[DEBUG] 2019-10-16 03:18:42.730 [main] MetamodelGraphWalker - Visiting attribute path : cardSet
[DEBUG] 2019-10-16 03:18:42.731 [main] MetamodelGraphWalker - Visiting attribute path : cardType
[DEBUG] 2019-10-16 03:18:42.731 [main] MetamodelGraphWalker - Visiting attribute path : collector
[DEBUG] 2019-10-16 03:18:42.731 [main] QuerySpacesImpl - Adding QuerySpace : uid = <gen:1> -> org.hibernate.loader.plan.build.internal.spaces.EntityQuerySpaceImpl@6b5ab2f2]
[DEBUG] 2019-10-16 03:18:42.731 [main] MetamodelGraphWalker - Visiting attribute path : collector.cards
[DEBUG] 2019-10-16 03:18:42.731 [main] MetamodelGraphWalker - Property path deemed to be circular : collector.cards
[DEBUG] 2019-10-16 03:18:42.731 [main] MetamodelGraphWalker - Visiting attribute path : collector.password
[DEBUG] 2019-10-16 03:18:42.731 [main] MetamodelGraphWalker - Visiting attribute path : collector.userName
[DEBUG] 2019-10-16 03:18:42.732 [main] FetchStyleLoadPlanBuildingAssociationVisitationStrategy - Building LoadPlan...
[DEBUG] 2019-10-16 03:18:42.732 [main] LoadQueryJoinAndFetchProcessor - processing queryspace <gen:0>
[DEBUG] 2019-10-16 03:18:42.732 [main] LoadPlanTreePrinter - LoadPlan(entity=entity.YugiohCard)
    - Returns
       - EntityReturnImpl(entity=entity.YugiohCard, querySpaceUid=<gen:0>, path=entity.YugiohCard)
          - EntityAttributeFetchImpl(entity=entity.Collector, querySpaceUid=<gen:1>, path=entity.YugiohCard.collector)
    - QuerySpaces
       - EntityQuerySpaceImpl(uid=<gen:0>, entity=entity.YugiohCard)
          - SQL table alias mapping - yugiohcard0_
          - alias suffix - 0_
          - suffixed key columns - {id1_1_0_}
          - JOIN (JoinDefinedByMetadata(collector)) : <gen:0> -> <gen:1>
             - EntityQuerySpaceImpl(uid=<gen:1>, entity=entity.Collector)
                - SQL table alias mapping - collector1_
                - alias suffix - 1_
                - suffixed key columns - {id1_0_1_}

[DEBUG] 2019-10-16 03:18:42.733 [main] EntityLoader - Static select for entity entity.YugiohCard [NONE]: select yugiohcard0_.id as id1_1_0_, yugiohcard0_.card_name as card_nam2_1_0_, yugiohcard0_.card_price as card_pri3_1_0_, yugiohcard0_.card_quantity as card_qua4_1_0_, yugiohcard0_.card_rarity as card_rar5_1_0_, yugiohcard0_.card_set as card_set6_1_0_, yugiohcard0_.card_type as card_typ7_1_0_, yugiohcard0_.collector_id as collecto8_1_0_, collector1_.id as id1_0_1_, collector1_.user_password as user_pas2_0_1_, collector1_.user_name as user_nam3_0_1_ from yugioh_card yugiohcard0_ left outer join collector collector1_ on yugiohcard0_.collector_id=collector1_.id where yugiohcard0_.id=?
[DEBUG] 2019-10-16 03:18:42.733 [main] QuerySpacesImpl - Adding QuerySpace : uid = <gen:0> -> org.hibernate.loader.plan.build.internal.spaces.EntityQuerySpaceImpl@5bcec67e]
[DEBUG] 2019-10-16 03:18:42.733 [main] MetamodelGraphWalker - Visiting attribute path : cardName
[DEBUG] 2019-10-16 03:18:42.733 [main] MetamodelGraphWalker - Visiting attribute path : cardPrice
[DEBUG] 2019-10-16 03:18:42.733 [main] MetamodelGraphWalker - Visiting attribute path : cardQuantity
[DEBUG] 2019-10-16 03:18:42.733 [main] MetamodelGraphWalker - Visiting attribute path : cardRarity
[DEBUG] 2019-10-16 03:18:42.733 [main] MetamodelGraphWalker - Visiting attribute path : cardSet
[DEBUG] 2019-10-16 03:18:42.733 [main] MetamodelGraphWalker - Visiting attribute path : cardType
[DEBUG] 2019-10-16 03:18:42.733 [main] MetamodelGraphWalker - Visiting attribute path : collector
[DEBUG] 2019-10-16 03:18:42.733 [main] QuerySpacesImpl - Adding QuerySpace : uid = <gen:1> -> org.hibernate.loader.plan.build.internal.spaces.EntityQuerySpaceImpl@7a2fce12]
[DEBUG] 2019-10-16 03:18:42.733 [main] MetamodelGraphWalker - Visiting attribute path : collector.cards
[DEBUG] 2019-10-16 03:18:42.734 [main] MetamodelGraphWalker - Property path deemed to be circular : collector.cards
[DEBUG] 2019-10-16 03:18:42.736 [main] MetamodelGraphWalker - Visiting attribute path : collector.password
[DEBUG] 2019-10-16 03:18:42.736 [main] MetamodelGraphWalker - Visiting attribute path : collector.userName
[DEBUG] 2019-10-16 03:18:42.736 [main] FetchStyleLoadPlanBuildingAssociationVisitationStrategy - Building LoadPlan...
[DEBUG] 2019-10-16 03:18:42.736 [main] LoadQueryJoinAndFetchProcessor - processing queryspace <gen:0>
[DEBUG] 2019-10-16 03:18:42.737 [main] LoadPlanTreePrinter - LoadPlan(entity=entity.YugiohCard)
    - Returns
       - EntityReturnImpl(entity=entity.YugiohCard, querySpaceUid=<gen:0>, path=entity.YugiohCard)
          - EntityAttributeFetchImpl(entity=entity.Collector, querySpaceUid=<gen:1>, path=entity.YugiohCard.collector)
    - QuerySpaces
       - EntityQuerySpaceImpl(uid=<gen:0>, entity=entity.YugiohCard)
          - SQL table alias mapping - yugiohcard0_
          - alias suffix - 0_
          - suffixed key columns - {id1_1_0_}
          - JOIN (JoinDefinedByMetadata(collector)) : <gen:0> -> <gen:1>
             - EntityQuerySpaceImpl(uid=<gen:1>, entity=entity.Collector)
                - SQL table alias mapping - collector1_
                - alias suffix - 1_
                - suffixed key columns - {id1_0_1_}

[DEBUG] 2019-10-16 03:18:42.737 [main] EntityLoader - Static select for entity entity.YugiohCard [READ]: select yugiohcard0_.id as id1_1_0_, yugiohcard0_.card_name as card_nam2_1_0_, yugiohcard0_.card_price as card_pri3_1_0_, yugiohcard0_.card_quantity as card_qua4_1_0_, yugiohcard0_.card_rarity as card_rar5_1_0_, yugiohcard0_.card_set as card_set6_1_0_, yugiohcard0_.card_type as card_typ7_1_0_, yugiohcard0_.collector_id as collecto8_1_0_, collector1_.id as id1_0_1_, collector1_.user_password as user_pas2_0_1_, collector1_.user_name as user_nam3_0_1_ from yugioh_card yugiohcard0_ left outer join collector collector1_ on yugiohcard0_.collector_id=collector1_.id where yugiohcard0_.id=?
[DEBUG] 2019-10-16 03:18:42.737 [main] Loader - Static select for action ACTION_MERGE on entity entity.YugiohCard: select yugiohcard0_.id as id1_1_0_, yugiohcard0_.card_name as card_nam2_1_0_, yugiohcard0_.card_price as card_pri3_1_0_, yugiohcard0_.card_quantity as card_qua4_1_0_, yugiohcard0_.card_rarity as card_rar5_1_0_, yugiohcard0_.card_set as card_set6_1_0_, yugiohcard0_.card_type as card_typ7_1_0_, yugiohcard0_.collector_id as collecto8_1_0_ from yugioh_card yugiohcard0_ where yugiohcard0_.id=?
[DEBUG] 2019-10-16 03:18:42.737 [main] Loader - Static select for action ACTION_REFRESH on entity entity.YugiohCard: select yugiohcard0_.id as id1_1_0_, yugiohcard0_.card_name as card_nam2_1_0_, yugiohcard0_.card_price as card_pri3_1_0_, yugiohcard0_.card_quantity as card_qua4_1_0_, yugiohcard0_.card_rarity as card_rar5_1_0_, yugiohcard0_.card_set as card_set6_1_0_, yugiohcard0_.card_type as card_typ7_1_0_, yugiohcard0_.collector_id as collecto8_1_0_ from yugioh_card yugiohcard0_ where yugiohcard0_.id=?
[DEBUG] 2019-10-16 03:18:42.747 [main] QuerySpacesImpl - Adding QuerySpace : uid = <gen:0> -> org.hibernate.loader.plan.build.internal.spaces.CollectionQuerySpaceImpl@7d0100ea]
[DEBUG] 2019-10-16 03:18:42.747 [main] QuerySpacesImpl - Adding QuerySpace : uid = <gen:1> -> org.hibernate.loader.plan.build.internal.spaces.EntityQuerySpaceImpl@357bc488]
[DEBUG] 2019-10-16 03:18:42.747 [main] MetamodelGraphWalker - Visiting attribute path : cardName
[DEBUG] 2019-10-16 03:18:42.747 [main] MetamodelGraphWalker - Visiting attribute path : cardPrice
[DEBUG] 2019-10-16 03:18:42.747 [main] MetamodelGraphWalker - Visiting attribute path : cardQuantity
[DEBUG] 2019-10-16 03:18:42.747 [main] MetamodelGraphWalker - Visiting attribute path : cardRarity
[DEBUG] 2019-10-16 03:18:42.747 [main] MetamodelGraphWalker - Visiting attribute path : cardSet
[DEBUG] 2019-10-16 03:18:42.747 [main] MetamodelGraphWalker - Visiting attribute path : cardType
[DEBUG] 2019-10-16 03:18:42.747 [main] MetamodelGraphWalker - Visiting attribute path : collector
[DEBUG] 2019-10-16 03:18:42.747 [main] MetamodelGraphWalker - Property path deemed to be circular : collector
[DEBUG] 2019-10-16 03:18:42.749 [main] FetchStyleLoadPlanBuildingAssociationVisitationStrategy - Building LoadPlan...
[DEBUG] 2019-10-16 03:18:42.752 [main] LoadQueryJoinAndFetchProcessor - processing queryspace <gen:0>
[DEBUG] 2019-10-16 03:18:42.752 [main] LoadPlanTreePrinter - LoadPlan(collection=entity.Collector.cards)
    - Returns
       - CollectionReturnImpl(collection=entity.Collector.cards, querySpaceUid=<gen:0>, path=[entity.Collector.cards])
          - (collection element) CollectionFetchableElementEntityGraph(entity=entity.YugiohCard, querySpaceUid=<gen:1>, path=[entity.Collector.cards].<elements>)
    - QuerySpaces
       - CollectionQuerySpaceImpl(uid=<gen:0>, collection=entity.Collector.cards)
          - SQL table alias mapping - cards0_
          - alias suffix - 0_
          - suffixed key columns - {collecto8_1_0_}
          - entity-element alias suffix - 1_
          - 1_entity-element suffixed key columns - id1_1_1_
          - JOIN (JoinDefinedByMetadata(elements)) : <gen:0> -> <gen:1>
             - EntityQuerySpaceImpl(uid=<gen:1>, entity=entity.YugiohCard)
                - SQL table alias mapping - cards0_
                - alias suffix - 1_
                - suffixed key columns - {id1_1_1_}

[DEBUG] 2019-10-16 03:18:42.753 [main] CollectionLoader - Static select for collection entity.Collector.cards: select cards0_.collector_id as collecto8_1_0_, cards0_.id as id1_1_0_, cards0_.id as id1_1_1_, cards0_.card_name as card_nam2_1_1_, cards0_.card_price as card_pri3_1_1_, cards0_.card_quantity as card_qua4_1_1_, cards0_.card_rarity as card_rar5_1_1_, cards0_.card_set as card_set6_1_1_, cards0_.card_type as card_typ7_1_1_, cards0_.collector_id as collecto8_1_1_ from yugioh_card cards0_ where cards0_.collector_id=?
[DEBUG] 2019-10-16 03:18:42.802 [main] SchemaManagementToolCoordinator - No actions specified; doing nothing
[DEBUG] 2019-10-16 03:18:42.802 [main] JtaPlatformInitiator - No JtaPlatform was specified, checking resolver
[DEBUG] 2019-10-16 03:18:42.803 [main] JtaPlatformResolverInitiator - No JtaPlatformResolver was specified, using default [org.hibernate.engine.transaction.jta.platform.internal.StandardJtaPlatformResolver]
[DEBUG] 2019-10-16 03:18:42.813 [main] StandardJtaPlatformResolver - Could not resolve JtaPlatform, using default [org.hibernate.engine.transaction.jta.platform.internal.NoJtaPlatform]
[INFO ] 2019-10-16 03:18:42.813 [main] JtaPlatformInitiator - HHH000490: Using JtaPlatform implementation: [org.hibernate.engine.transaction.jta.platform.internal.NoJtaPlatform]
[DEBUG] 2019-10-16 03:18:42.813 [main] NamedQueryRepository - Checking 0 named HQL queries
[DEBUG] 2019-10-16 03:18:42.813 [main] NamedQueryRepository - Checking 0 named SQL queries
[DEBUG] 2019-10-16 03:18:42.815 [main] SessionFactoryRegistry - Initializing SessionFactoryRegistry : org.hibernate.internal.SessionFactoryRegistry@2eada095
[DEBUG] 2019-10-16 03:18:42.819 [main] SessionFactoryRegistry - Registering SessionFactory: 826a33cc-870d-40ea-8aa7-d44f465fe510 (<unnamed>)
[DEBUG] 2019-10-16 03:18:42.819 [main] SessionFactoryRegistry - Not binding SessionFactory to JNDI, no JNDI name configured
[DEBUG] 2019-10-16 03:18:43.032 [main] StatisticsInitiator - Statistics initialized [enabled=false]
[DEBUG] 2019-10-16 03:18:43.055 [main] SQL - select yugiohcard0_.id as id1_1_0_, yugiohcard0_.card_name as card_nam2_1_0_, yugiohcard0_.card_price as card_pri3_1_0_, yugiohcard0_.card_quantity as card_qua4_1_0_, yugiohcard0_.card_rarity as card_rar5_1_0_, yugiohcard0_.card_set as card_set6_1_0_, yugiohcard0_.card_type as card_typ7_1_0_, yugiohcard0_.collector_id as collecto8_1_0_, collector1_.id as id1_0_1_, collector1_.user_password as user_pas2_0_1_, collector1_.user_name as user_nam3_0_1_ from yugioh_card yugiohcard0_ left outer join collector collector1_ on yugiohcard0_.collector_id=collector1_.id where yugiohcard0_.id=?
[DEBUG] 2019-10-16 03:18:43.099 [main] SqlExceptionHelper - could not extract ResultSet [n/a]
java.sql.SQLSyntaxErrorException: Unknown column 'yugiohcard0_.collector_id' in 'field list'
	at com.mysql.cj.jdbc.exceptions.SQLError.createSQLException(SQLError.java:120) ~[mysql-connector-java-8.0.16.jar:8.0.16]
	at com.mysql.cj.jdbc.exceptions.SQLError.createSQLException(SQLError.java:97) ~[mysql-connector-java-8.0.16.jar:8.0.16]
	at com.mysql.cj.jdbc.exceptions.SQLExceptionsMapping.translateException(SQLExceptionsMapping.java:122) ~[mysql-connector-java-8.0.16.jar:8.0.16]
	at com.mysql.cj.jdbc.ClientPreparedStatement.executeInternal(ClientPreparedStatement.java:955) ~[mysql-connector-java-8.0.16.jar:8.0.16]
	at com.mysql.cj.jdbc.ClientPreparedStatement.executeQuery(ClientPreparedStatement.java:1005) ~[mysql-connector-java-8.0.16.jar:8.0.16]
	at com.mchange.v2.c3p0.impl.NewProxyPreparedStatement.executeQuery(NewProxyPreparedStatement.java:379) ~[c3p0-0.9.5.3.jar:0.9.5.3]
	at org.hibernate.engine.jdbc.internal.ResultSetReturnImpl.extract(ResultSetReturnImpl.java:60) [hibernate-core-5.4.4.Final.jar:5.4.4.Final]
	at org.hibernate.loader.plan.exec.internal.AbstractLoadPlanBasedLoader.getResultSet(AbstractLoadPlanBasedLoader.java:418) [hibernate-core-5.4.4.Final.jar:5.4.4.Final]
	at org.hibernate.loader.plan.exec.internal.AbstractLoadPlanBasedLoader.executeQueryStatement(AbstractLoadPlanBasedLoader.java:191) [hibernate-core-5.4.4.Final.jar:5.4.4.Final]
	at org.hibernate.loader.plan.exec.internal.AbstractLoadPlanBasedLoader.executeLoad(AbstractLoadPlanBasedLoader.java:121) [hibernate-core-5.4.4.Final.jar:5.4.4.Final]
	at org.hibernate.loader.plan.exec.internal.AbstractLoadPlanBasedLoader.executeLoad(AbstractLoadPlanBasedLoader.java:86) [hibernate-core-5.4.4.Final.jar:5.4.4.Final]
	at org.hibernate.loader.entity.plan.AbstractLoadPlanBasedEntityLoader.load(AbstractLoadPlanBasedEntityLoader.java:197) [hibernate-core-5.4.4.Final.jar:5.4.4.Final]
	at org.hibernate.persister.entity.AbstractEntityPersister.load(AbstractEntityPersister.java:4312) [hibernate-core-5.4.4.Final.jar:5.4.4.Final]
	at org.hibernate.event.internal.DefaultLoadEventListener.loadFromDatasource(DefaultLoadEventListener.java:570) [hibernate-core-5.4.4.Final.jar:5.4.4.Final]
	at org.hibernate.event.internal.DefaultLoadEventListener.doLoad(DefaultLoadEventListener.java:538) [hibernate-core-5.4.4.Final.jar:5.4.4.Final]
	at org.hibernate.event.internal.DefaultLoadEventListener.load(DefaultLoadEventListener.java:208) [hibernate-core-5.4.4.Final.jar:5.4.4.Final]
	at org.hibernate.event.internal.DefaultLoadEventListener.proxyOrLoad(DefaultLoadEventListener.java:333) [hibernate-core-5.4.4.Final.jar:5.4.4.Final]
	at org.hibernate.event.internal.DefaultLoadEventListener.doOnLoad(DefaultLoadEventListener.java:108) [hibernate-core-5.4.4.Final.jar:5.4.4.Final]
	at org.hibernate.event.internal.DefaultLoadEventListener.onLoad(DefaultLoadEventListener.java:74) [hibernate-core-5.4.4.Final.jar:5.4.4.Final]
	at org.hibernate.internal.SessionImpl.fireLoadNoChecks(SessionImpl.java:1298) [hibernate-core-5.4.4.Final.jar:5.4.4.Final]
	at org.hibernate.internal.SessionImpl.fireLoad(SessionImpl.java:1286) [hibernate-core-5.4.4.Final.jar:5.4.4.Final]
	at org.hibernate.internal.SessionImpl.access$2100(SessionImpl.java:203) [hibernate-core-5.4.4.Final.jar:5.4.4.Final]
	at org.hibernate.internal.SessionImpl$IdentifierLoadAccessImpl.doLoad(SessionImpl.java:2945) [hibernate-core-5.4.4.Final.jar:5.4.4.Final]
	at org.hibernate.internal.SessionImpl$IdentifierLoadAccessImpl.lambda$load$1(SessionImpl.java:2926) [hibernate-core-5.4.4.Final.jar:5.4.4.Final]
	at org.hibernate.internal.SessionImpl$IdentifierLoadAccessImpl.perform(SessionImpl.java:2882) [hibernate-core-5.4.4.Final.jar:5.4.4.Final]
	at org.hibernate.internal.SessionImpl$IdentifierLoadAccessImpl.load(SessionImpl.java:2926) [hibernate-core-5.4.4.Final.jar:5.4.4.Final]
	at org.hibernate.internal.SessionImpl.get(SessionImpl.java:1081) [hibernate-core-5.4.4.Final.jar:5.4.4.Final]
	at persistence.YugiohCardDao.getByCardId(CardDao.java:40) [classes/:?]
	at persistence.YugiohCardDaoTest.getByCardId(CardDaoTest.java:30) [test-classes/:?]
	at jdk.internal.reflect.NativeMethodAccessorImpl.invoke0(Native Method) ~[?:?]
	at jdk.internal.reflect.NativeMethodAccessorImpl.invoke(NativeMethodAccessorImpl.java:62) ~[?:?]
	at jdk.internal.reflect.DelegatingMethodAccessorImpl.invoke(DelegatingMethodAccessorImpl.java:43) ~[?:?]
	at java.lang.reflect.Method.invoke(Method.java:566) ~[?:?]
	at org.junit.platform.commons.util.ReflectionUtils.invokeMethod(ReflectionUtils.java:389) [junit-platform-commons-1.0.0.jar:1.0.0]
	at org.junit.jupiter.engine.execution.ExecutableInvoker.invoke(ExecutableInvoker.java:115) [junit-jupiter-engine-5.0.0.jar:5.0.0]
	at org.junit.jupiter.engine.descriptor.TestMethodTestDescriptor.lambda$invokeTestMethod$6(TestMethodTestDescriptor.java:167) [junit-jupiter-engine-5.0.0.jar:5.0.0]
	at org.junit.jupiter.engine.execution.ThrowableCollector.execute(ThrowableCollector.java:40) [junit-jupiter-engine-5.0.0.jar:5.0.0]
	at org.junit.jupiter.engine.descriptor.TestMethodTestDescriptor.invokeTestMethod(TestMethodTestDescriptor.java:163) [junit-jupiter-engine-5.0.0.jar:5.0.0]
	at org.junit.jupiter.engine.descriptor.TestMethodTestDescriptor.execute(TestMethodTestDescriptor.java:110) [junit-jupiter-engine-5.0.0.jar:5.0.0]
	at org.junit.jupiter.engine.descriptor.TestMethodTestDescriptor.execute(TestMethodTestDescriptor.java:57) [junit-jupiter-engine-5.0.0.jar:5.0.0]
	at org.junit.platform.engine.support.hierarchical.HierarchicalTestExecutor.lambda$execute$3(HierarchicalTestExecutor.java:83) [junit-platform-engine-1.0.0.jar:1.0.0]
	at org.junit.platform.engine.support.hierarchical.SingleTestExecutor.executeSafely(SingleTestExecutor.java:66) [junit-platform-engine-1.0.0.jar:1.0.0]
	at org.junit.platform.engine.support.hierarchical.HierarchicalTestExecutor.execute(HierarchicalTestExecutor.java:77) [junit-platform-engine-1.0.0.jar:1.0.0]
	at org.junit.platform.engine.support.hierarchical.HierarchicalTestExecutor.lambda$null$2(HierarchicalTestExecutor.java:92) [junit-platform-engine-1.0.0.jar:1.0.0]
	at java.util.stream.ForEachOps$ForEachOp$OfRef.accept(ForEachOps.java:183) [?:?]
	at java.util.stream.ReferencePipeline$2$1.accept(ReferencePipeline.java:177) [?:?]
	at java.util.Iterator.forEachRemaining(Iterator.java:133) [?:?]
	at java.util.Spliterators$IteratorSpliterator.forEachRemaining(Spliterators.java:1801) [?:?]
	at java.util.stream.AbstractPipeline.copyInto(AbstractPipeline.java:484) [?:?]
	at java.util.stream.AbstractPipeline.wrapAndCopyInto(AbstractPipeline.java:474) [?:?]
	at java.util.stream.ForEachOps$ForEachOp.evaluateSequential(ForEachOps.java:150) [?:?]
	at java.util.stream.ForEachOps$ForEachOp$OfRef.evaluateSequential(ForEachOps.java:173) [?:?]
	at java.util.stream.AbstractPipeline.evaluate(AbstractPipeline.java:234) [?:?]
	at java.util.stream.ReferencePipeline.forEach(ReferencePipeline.java:497) [?:?]
	at org.junit.platform.engine.support.hierarchical.HierarchicalTestExecutor.lambda$execute$3(HierarchicalTestExecutor.java:92) [junit-platform-engine-1.0.0.jar:1.0.0]
	at org.junit.platform.engine.support.hierarchical.SingleTestExecutor.executeSafely(SingleTestExecutor.java:66) [junit-platform-engine-1.0.0.jar:1.0.0]
	at org.junit.platform.engine.support.hierarchical.HierarchicalTestExecutor.execute(HierarchicalTestExecutor.java:77) [junit-platform-engine-1.0.0.jar:1.0.0]
	at org.junit.platform.engine.support.hierarchical.HierarchicalTestExecutor.lambda$null$2(HierarchicalTestExecutor.java:92) [junit-platform-engine-1.0.0.jar:1.0.0]
	at java.util.stream.ForEachOps$ForEachOp$OfRef.accept(ForEachOps.java:183) [?:?]
	at java.util.stream.ReferencePipeline$2$1.accept(ReferencePipeline.java:177) [?:?]
	at java.util.Iterator.forEachRemaining(Iterator.java:133) [?:?]
	at java.util.Spliterators$IteratorSpliterator.forEachRemaining(Spliterators.java:1801) [?:?]
	at java.util.stream.AbstractPipeline.copyInto(AbstractPipeline.java:484) [?:?]
	at java.util.stream.AbstractPipeline.wrapAndCopyInto(AbstractPipeline.java:474) [?:?]
	at java.util.stream.ForEachOps$ForEachOp.evaluateSequential(ForEachOps.java:150) [?:?]
	at java.util.stream.ForEachOps$ForEachOp$OfRef.evaluateSequential(ForEachOps.java:173) [?:?]
	at java.util.stream.AbstractPipeline.evaluate(AbstractPipeline.java:234) [?:?]
	at java.util.stream.ReferencePipeline.forEach(ReferencePipeline.java:497) [?:?]
	at org.junit.platform.engine.support.hierarchical.HierarchicalTestExecutor.lambda$execute$3(HierarchicalTestExecutor.java:92) [junit-platform-engine-1.0.0.jar:1.0.0]
	at org.junit.platform.engine.support.hierarchical.SingleTestExecutor.executeSafely(SingleTestExecutor.java:66) [junit-platform-engine-1.0.0.jar:1.0.0]
	at org.junit.platform.engine.support.hierarchical.HierarchicalTestExecutor.execute(HierarchicalTestExecutor.java:77) [junit-platform-engine-1.0.0.jar:1.0.0]
	at org.junit.platform.engine.support.hierarchical.HierarchicalTestExecutor.execute(HierarchicalTestExecutor.java:51) [junit-platform-engine-1.0.0.jar:1.0.0]
	at org.junit.platform.engine.support.hierarchical.HierarchicalTestEngine.execute(HierarchicalTestEngine.java:43) [junit-platform-engine-1.0.0.jar:1.0.0]
	at org.junit.platform.launcher.core.DefaultLauncher.execute(DefaultLauncher.java:170) [junit-platform-launcher-1.0.0.jar:1.0.0]
	at org.junit.platform.launcher.core.DefaultLauncher.execute(DefaultLauncher.java:154) [junit-platform-launcher-1.0.0.jar:1.0.0]
	at org.junit.platform.launcher.core.DefaultLauncher.execute(DefaultLauncher.java:90) [junit-platform-launcher-1.0.0.jar:1.0.0]
	at com.intellij.junit5.JUnit5IdeaTestRunner.startRunnerWithArgs(JUnit5IdeaTestRunner.java:69) [junit5-rt.jar:?]
	at com.intellij.rt.execution.junit.IdeaTestRunner$Repeater.startRunnerWithArgs(IdeaTestRunner.java:47) [junit-rt.jar:?]
	at com.intellij.rt.execution.junit.JUnitStarter.prepareStreamsAndStart(JUnitStarter.java:242) [junit-rt.jar:?]
	at com.intellij.rt.execution.junit.JUnitStarter.main(JUnitStarter.java:70) [junit-rt.jar:?]
[WARN ] 2019-10-16 03:18:43.122 [main] SqlExceptionHelper - SQL Error: 1054, SQLState: 42S22
[ERROR] 2019-10-16 03:18:43.122 [main] SqlExceptionHelper - Unknown column 'yugiohcard0_.collector_id' in 'field list'
[INFO ] 2019-10-16 03:18:43.126 [main] DefaultLoadEventListener - HHH000327: Error performing load command : org.hibernate.exception.SQLGrammarException: could not extract ResultSet
[DEBUG] 2019-10-16 03:18:43.127 [main] LogicalConnectionManagedImpl - Initiating JDBC connection release from afterTransaction
