[INFO ] 2019-12-08 09:35:16.378 [http-nio-8080-exec-1] Login - entering login servlet
[INFO ] 2019-12-08 09:39:41.114 [main] YugiohCardDaoTest - [user: id : 1
first name : leeyang2019
last name : greenbayPackers
cardName : Dark Magician
cardType : Monster
cardRarity : Ultra
cardSet : LOB
price : 35.0
quantity : 2, user: id : 1
first name : leeyang2019
last name : greenbayPackers
cardName : Dark Magician Girl
cardType : Monster
cardRarity : Secret
cardSet : MFC
price : 100.0
quantity : 1]
[INFO ] 2019-12-08 09:39:41.281 [main] YugiohCardDaoTest - this user is leeyang2019
[INFO ] 2019-12-08 09:39:41.281 [main] YugiohCardDaoTest - this user id is 1
[INFO ] 2019-12-08 09:39:41.338 [main] YugiohCardDaoTest - 0
[INFO ] 2019-12-08 09:39:41.870 [main] YugiohCardDaoTest - updated card: Dark Magician of Chaos
[INFO ] 2019-12-08 09:39:42.095 [main] YugiohCardDaoTest - new card: Dark Magician
[INFO ] 2019-12-08 09:39:42.282 [main] YugiohCardDaoTest - card : Buster Blader
[INFO ] 2019-12-08 09:39:42.282 [main] YugiohCardDaoTest - card : Dark Magician
[INFO ] 2019-12-08 09:39:42.282 [main] YugiohCardDaoTest - card : Dark Magician Girl
[INFO ] 2019-12-08 09:39:42.792 [main] YugiohCardHistoryDaoTest - 2
[INFO ] 2019-12-08 09:39:42.792 [main] YugiohCardHistoryDaoTest - this entry's card id : 1
[INFO ] 2019-12-08 09:39:42.817 [main] YugiohCardHistoryDaoTest - 1
[INFO ] 2019-12-08 09:39:42.942 [main] YugiohCardHistoryDaoTest - Entry id: 1
[INFO ] 2019-12-08 09:39:42.943 [main] YugiohCardHistoryDaoTest - Entry cardId: user: id : 1
first name : leeyang2019
last name : greenbayPackers
cardName : Dark Magician
cardType : Monster
cardRarity : Ultra
cardSet : LOB
price : 35.0
quantity : 2
[INFO ] 2019-12-08 09:39:42.943 [main] YugiohCardHistoryDaoTest - Entry update_dt: 2019-12-08 09:39:42.0
[INFO ] 2019-12-08 09:39:43.793 [main] FileReader - name of file coming in: temp/Cards.xlsx
[INFO ] 2019-12-08 09:39:44.699 [main] FileReader - user: null
cardName : Lust Soldier Envoy of the Beginning
cardType : null
cardRarity : null
cardSet : null
price : 0.0
quantity : 0
[INFO ] 2019-12-08 09:39:44.701 [main] FileReader - user: null
cardName : Lust Soldier Envoy of the Beginning
cardType : Monster
cardRarity : null
cardSet : null
price : 0.0
quantity : 0
[INFO ] 2019-12-08 09:39:44.701 [main] FileReader - user: null
cardName : Lust Soldier Envoy of the Beginning
cardType : Monster
cardRarity : Secret
cardSet : null
price : 0.0
quantity : 0
[INFO ] 2019-12-08 09:39:44.703 [main] FileReader - user: null
cardName : Lust Soldier Envoy of the Beginning
cardType : Monster
cardRarity : Secret
cardSet : IOC
price : 0.0
quantity : 0
[INFO ] 2019-12-08 09:39:44.704 [main] FileReader - user: null
cardName : Lust Soldier Envoy of the Beginning
cardType : Monster
cardRarity : Secret
cardSet : IOC
price : 0.0
quantity : 0
[INFO ] 2019-12-08 09:39:44.704 [main] FileReader - user: null
cardName : Lust Soldier Envoy of the Beginning
cardType : Monster
cardRarity : Secret
cardSet : IOC
price : 10.0
quantity : 0
[INFO ] 2019-12-08 09:39:44.704 [main] FileReader - user: null
cardName : Lust Soldier Envoy of the Beginning
cardType : Monster
cardRarity : Secret
cardSet : IOC
price : 10.0
quantity : 2
[INFO ] 2019-12-08 09:39:44.704 [main] FileReader - user: null
cardName : Lust Soldier Envoy of the Beginning
cardType : Monster
cardRarity : Secret
cardSet : IOC
price : 10.0
quantity : 2
[INFO ] 2019-12-08 09:39:44.717 [main] FileReader - id : 3
[INFO ] 2019-12-08 09:39:44.718 [main] FileReader - user: null
cardName : Chaos Sorcerer
cardType : null
cardRarity : null
cardSet : null
price : 0.0
quantity : 0
[INFO ] 2019-12-08 09:39:44.718 [main] FileReader - user: null
cardName : Chaos Sorcerer
cardType : Monster
cardRarity : null
cardSet : null
price : 0.0
quantity : 0
[INFO ] 2019-12-08 09:39:44.718 [main] FileReader - user: null
cardName : Chaos Sorcerer
cardType : Monster
cardRarity : Common
cardSet : null
price : 0.0
quantity : 0
[INFO ] 2019-12-08 09:39:44.718 [main] FileReader - user: null
cardName : Chaos Sorcerer
cardType : Monster
cardRarity : Common
cardSet : IOC
price : 0.0
quantity : 0
[INFO ] 2019-12-08 09:39:44.718 [main] FileReader - user: null
cardName : Chaos Sorcerer
cardType : Monster
cardRarity : Common
cardSet : IOC
price : 0.0
quantity : 0
[INFO ] 2019-12-08 09:39:44.719 [main] FileReader - user: null
cardName : Chaos Sorcerer
cardType : Monster
cardRarity : Common
cardSet : IOC
price : 2.0
quantity : 0
[INFO ] 2019-12-08 09:39:44.721 [main] FileReader - user: null
cardName : Chaos Sorcerer
cardType : Monster
cardRarity : Common
cardSet : IOC
price : 2.0
quantity : 50
[INFO ] 2019-12-08 09:39:44.722 [main] FileReader - user: null
cardName : Chaos Sorcerer
cardType : Monster
cardRarity : Common
cardSet : IOC
price : 2.0
quantity : 50
[INFO ] 2019-12-08 09:39:44.730 [main] FileReader - id : 4
[INFO ] 2019-12-08 09:39:44.730 [main] FileReader - user: null
cardName : Raigeki
cardType : null
cardRarity : null
cardSet : null
price : 0.0
quantity : 0
[INFO ] 2019-12-08 09:39:44.730 [main] FileReader - user: null
cardName : Raigeki
cardType : Spell
cardRarity : null
cardSet : null
price : 0.0
quantity : 0
[INFO ] 2019-12-08 09:39:44.731 [main] FileReader - user: null
cardName : Raigeki
cardType : Spell
cardRarity : Super
cardSet : null
price : 0.0
quantity : 0
[INFO ] 2019-12-08 09:39:44.731 [main] FileReader - user: null
cardName : Raigeki
cardType : Spell
cardRarity : Super
cardSet : LOB
price : 0.0
quantity : 0
[INFO ] 2019-12-08 09:39:44.732 [main] FileReader - user: null
cardName : Raigeki
cardType : Spell
cardRarity : Super
cardSet : LOB
price : 0.0
quantity : 0
[INFO ] 2019-12-08 09:39:44.732 [main] FileReader - user: null
cardName : Raigeki
cardType : Spell
cardRarity : Super
cardSet : LOB
price : 1.0
quantity : 0
[INFO ] 2019-12-08 09:39:44.732 [main] FileReader - user: null
cardName : Raigeki
cardType : Spell
cardRarity : Super
cardSet : LOB
price : 1.0
quantity : 15
[INFO ] 2019-12-08 09:39:44.732 [main] FileReader - user: null
cardName : Raigeki
cardType : Spell
cardRarity : Super
cardSet : LOB
price : 1.0
quantity : 15
[INFO ] 2019-12-08 09:39:44.740 [main] FileReader - id : 5
[INFO ] 2019-12-08 09:39:44.740 [main] FileReader - user: null
cardName : Harpie's Feather Duster
cardType : null
cardRarity : null
cardSet : null
price : 0.0
quantity : 0
[INFO ] 2019-12-08 09:39:44.741 [main] FileReader - user: null
cardName : Harpie's Feather Duster
cardType : Spell
cardRarity : null
cardSet : null
price : 0.0
quantity : 0
[INFO ] 2019-12-08 09:39:44.741 [main] FileReader - user: null
cardName : Harpie's Feather Duster
cardType : Spell
cardRarity : Prismatic
cardSet : null
price : 0.0
quantity : 0
[INFO ] 2019-12-08 09:39:44.742 [main] FileReader - user: null
cardName : Harpie's Feather Duster
cardType : Spell
cardRarity : Prismatic
cardSet : DDS
price : 0.0
quantity : 0
[INFO ] 2019-12-08 09:39:44.743 [main] FileReader - user: null
cardName : Harpie's Feather Duster
cardType : Spell
cardRarity : Prismatic
cardSet : DDS
price : 0.0
quantity : 0
[INFO ] 2019-12-08 09:39:44.744 [main] FileReader - user: null
cardName : Harpie's Feather Duster
cardType : Spell
cardRarity : Prismatic
cardSet : DDS
price : 1.0
quantity : 0
[INFO ] 2019-12-08 09:39:44.744 [main] FileReader - user: null
cardName : Harpie's Feather Duster
cardType : Spell
cardRarity : Prismatic
cardSet : DDS
price : 1.0
quantity : 75
[INFO ] 2019-12-08 09:39:44.744 [main] FileReader - user: null
cardName : Harpie's Feather Duster
cardType : Spell
cardRarity : Prismatic
cardSet : DDS
price : 1.0
quantity : 75
[INFO ] 2019-12-08 09:39:44.755 [main] FileReader - id : 6
[INFO ] 2019-12-08 09:39:44.756 [main] FileReader - user: null
cardName :  Dark Hole
cardType : null
cardRarity : null
cardSet : null
price : 0.0
quantity : 0
[INFO ] 2019-12-08 09:39:44.756 [main] FileReader - user: null
cardName :  Dark Hole
cardType : Spell
cardRarity : null
cardSet : null
price : 0.0
quantity : 0
[INFO ] 2019-12-08 09:39:44.757 [main] FileReader - user: null
cardName :  Dark Hole
cardType : Spell
cardRarity : Super
cardSet : null
price : 0.0
quantity : 0
[INFO ] 2019-12-08 09:39:44.757 [main] FileReader - user: null
cardName :  Dark Hole
cardType : Spell
cardRarity : Super
cardSet : LOB
price : 0.0
quantity : 0
[INFO ] 2019-12-08 09:39:44.757 [main] FileReader - user: null
cardName :  Dark Hole
cardType : Spell
cardRarity : Super
cardSet : LOB
price : 0.0
quantity : 0
[INFO ] 2019-12-08 09:39:44.757 [main] FileReader - user: null
cardName :  Dark Hole
cardType : Spell
cardRarity : Super
cardSet : LOB
price : 25.3
quantity : 0
[INFO ] 2019-12-08 09:39:44.757 [main] FileReader - user: null
cardName :  Dark Hole
cardType : Spell
cardRarity : Super
cardSet : LOB
price : 25.3
quantity : 1
[INFO ] 2019-12-08 09:39:44.758 [main] FileReader - user: null
cardName :  Dark Hole
cardType : Spell
cardRarity : Super
cardSet : LOB
price : 25.3
quantity : 1
[INFO ] 2019-12-08 09:39:44.765 [main] FileReader - id : 7
[INFO ] 2019-12-08 09:39:44.885 [main] FileUploadTest - Cards from temp/Cards.xlsx
[INFO ] 2019-12-08 09:40:37.030 [http-nio-8080-exec-2] Login - entering login servlet
[INFO ] 2019-12-08 09:41:09.258 [http-nio-8080-exec-6] SearchCards - in search servlet
[INFO ] 2019-12-08 09:41:09.259 [http-nio-8080-exec-6] SearchCards - user is : leeyang2019
[INFO ] 2019-12-08 09:41:09.259 [http-nio-8080-exec-6] SearchCards - searchTerm is empty and searchType is All Cards
[INFO ] 2019-12-08 09:46:44.724 [http-nio-8080-exec-6] SearchCards - in search servlet
[INFO ] 2019-12-08 09:46:44.725 [http-nio-8080-exec-6] SearchCards - user is : leeyang2019
[INFO ] 2019-12-08 09:46:44.725 [http-nio-8080-exec-6] SearchCards - searchTerm is empty and searchType is All Cards
